255 43
274 416
279 411
279 411
297 393
298 386
302 177
303 394
304 393
304 109
306 390
307 132
307 390
312 384
312 385
313 377
314 104
315 381
315 174
316 173
319 170
319 54
320 164
324 357
328 151
330 154
331 108
337 102
338 358
343 354
346 138
349 140
349 140
371 118
398 55
405 47
417 29
677 20

70 179
70 179
70 179
71 178
71 178
73 177
73 177
73 177
73 177
74 177
74 177
76 177
76 177
76 176
76 176
77 176
77 176
78 176
78 176
79 176
79 176
80 175
80 175
81 175
81 175
82 174
83 175
84 175
84 175
84 175
84 175
85 175
85 175
86 175
87 174
88 174
88 174
88 174
89 174
89 173
89 173
89 173
89 173
197 76
197 76
195 77
194 79
193 80
192 82
191 82
191 83
191 84
191 84
192 88
192 88
189 90
186 92
182 93
180 94
176 96
176 96
176 98
175 100
174 101
174 101
174 101
174 101
173 102
173 102
172 103
172 103
172 103
172 104
171 105
171 105
170 106
160 116
160 116
160 116
158 118
158 118
155 119
152 120
150 120
149 121
146 123
146 123
146 123
147 125
147 130
147 130
147 130
147 130
146 131
146 131
146 131
146 132
146 132
145 133
145 134
144 133
144 133
144 133
144 133
144 133
144 133
144 132
144 132
144 132
144 132
144 132
144 132
144 132
144 132
144 132
142 132
142 132
142 132
137 129
137 129
137 129
137 129
133 127
133 127
133 127
133 127
130 125
130 125
130 125
130 125
125 122
125 122
125 122
125 122
125 122
125 122
125 122
125 122
125 122
125 122
124 122
120 120
120 120
120 120
120 120
120 120
120 120
120 120
120 120
120 120
119 119
119 119
117 117
117 117
117 117
117 117
117 117
117 117
117 117
117 117
112 113
112 113
112 113
112 113
112 113
112 113
111 113
110 112
109 112
109 112
109 112
108 111
108 111
108 111
106 109
106 109
106 109
106 109
105 109
105 109
105 109
104 108
104 108
104 108
104 108
104 108
100 104
100 104
100 104
100 104
100 104
100 104
100 104
97 103
97 103
97 103
97 103
97 103
97 103
97 103
97 103
95 102
95 102
95 102
95 102
95 102
95 102
94 101
94 101
94 101
94 101
94 101
94 101
94 101
92 101
92 101
92 101
92 101
92 101
92 101
92 101
91 100
91 100
91 100
91 100
91 100
91 100
91 100
91 100
91 100
91 100
91 100
91 100
91 100
91 100
91 100
91 100
91 100
91 100
91 100
91 100
91 100
91 100
91 100
91 100
91 100
91 100
91 100
91 100
91 100
91 100
91 100
91 100
91 100
91 100
91 100
91 100
91 100
91 100
91 100
91 100
91 100
91 100
91 100
91 100
91 100
91 100
91 100
91 100
91 100
91 100
91 100
91 100
91 100
91 100
91 100
91 100
91 100
91 100
91 100
91 99
91 99
91 99
91 99
91 99
91 99
91 100
91 100
91 100
91 100
91 100
91 100
91 100
91 100
91 100
91 100
91 100
91 100
91 100
91 100
91 100
91 100
91 100
91 100
91 100
91 100
91 100
91 100
91 100
91 100
91 100
91 100
91 100
91 100
91 100
91 100
91 100
91 100
91 100
91 100
91 100
91 100
91 100
91 100
91 100
91 100
91 100
91 100
91 100
91 100
91 99
91 99
91 99
91 99
91 99
91 99
91 99
91 99
91 99
91 99
91 99
91 99
91 99
91 99
91 99
91 99
91 99
91 99
91 99
91 99
91 99
91 99
91 100
91 100
91 100
91 100
91 100
91 100
91 100
91 100
91 100
91 100
91 100
91 100
91 100
91 100
91 100
91 100
91 100
91 100
91 100
91 100
91 100
91 100
91 100
91 100
91 100
91 100
91 100
91 100
91 100
91 100
91 100
91 100
91 100
91 100
91 100
91 100
91 100
91 100
91 100
91 100
91 100
91 100
91 100
91 100
91 100
91 100
91 100
91 100
91 100
91 100
91 100
91 100
91 100
91 100
91 100
91 100
92 100
92 100
92 100
92 100
92 100
92 100
92 100
92 100
92 100
92 100
92 100
92 100
92 100
92 100
91 100
91 100
91 100
91 100
91 100
92 103
92 103
92 103
92 103
92 103
92 103
92 103
92 103
92 103
92 103
92 103
92 103
92 103
92 103
92 103
92 103
92 103
92 103
92 103
93 103
93 103
93 104
93 106
93 106
93 106
94 107
94 107
94 107
94 107
94 107
94 107
96 110
187 86
187 87
186 87
186 88
186 88
184 91
184 91
182 94
178 95
174 96
172 98
169 100
169 100
168 102
167 103
166 104
166 104
166 104
166 105
165 107
165 107
159 112
159 112
155 114
154 115
153 118
153 118
152 119
151 121
151 121
151 121
150 122
150 122
152 125
149 127
147 129
145 130
143 133
143 133
143 133
143 133
142 134
142 134
142 134
142 134
140 138
140 138
140 138
140 138
140 138
140 138
140 138
139 137
139 137
139 137
139 137
139 137
139 137
139 137
139 136
139 136
139 136
139 136
139 136
139 136
138 136
138 136
136 137
136 137
136 137
132 134
132 134
132 134
132 134
125 130
125 130
125 130
125 130
122 128
122 128
122 128
122 128
121 127
121 127
121 127
121 127
121 127
121 127
121 127
121 127
121 127
121 127
121 127
116 124
116 124
116 124
116 124
116 124
116 124
116 124
116 124
116 124
115 122
115 122
112 119
112 119
112 119
112 119
112 119
112 119
112 119
112 119
109 117
109 117
109 117
109 117
109 117
109 117
108 117
108 117
108 116
108 116
108 116
106 116
106 116
106 116
103 112
103 112
103 112
103 112
101 111
101 111
101 110
100 109
100 109
100 109
100 109
100 109
98 107
98 107
98 107
98 107
98 107
98 107
98 107
94 105
94 105
94 105
94 105
94 105
94 105
94 105
94 105
93 103
93 103
93 103
93 103
93 103
93 103
90 102
90 102
90 102
90 102
90 102
90 102
90 102
89 101
89 101
89 101
89 101
89 101
89 101
89 101
87 99
87 99
87 99
87 99
87 99
87 99
87 99
87 99
87 97
87 97
87 97
87 97
87 97
87 97
87 97
87 97
87 97
87 97
87 97
87 97
87 97
87 97
87 97
87 97
87 97
87 97
87 97
87 97
87 97
87 97
87 97
87 96
87 96
87 96
87 96
87 97
87 97
87 97
87 97
87 97
87 97
87 97
87 97
87 97
87 97
87 97
87 97
87 97
87 97
87 97
87 97
87 97
87 97
87 97
87 97
87 97
87 97
87 97
87 97
87 96
87 96
87 96
87 96
87 96
87 96
86 97
86 97
86 97
86 97
86 97
86 97
86 97
86 97
86 97
86 97
86 97
86 97
86 97
86 97
86 97
86 97
86 97
86 97
86 97
86 97
86 97
86 97
86 97
86 97
86 97
86 97
86 97
86 97
86 97
86 97
86 97
86 97
86 97
87 97
87 97
87 97
87 97
87 97
87 97
87 97
87 97
87 97
87 97
87 97
87 97
87 97
87 97
87 97
87 97
87 97
87 97
87 97
87 97
87 97
87 97
87 97
87 97
87 97
87 97
87 97
87 97
87 97
87 97
87 97
87 97
87 97
86 97
86 97
86 97
86 97
86 97
86 97
86 97
86 97
86 97
86 97
86 97
86 97
86 97
86 97
86 97
86 97
86 97
86 97
86 97
86 97
86 97
86 97
86 97
86 97
86 97
86 97
86 97
86 97
86 97
86 97
86 97
86 97
86 97
86 97
86 97
86 97
86 97
86 97
86 97
86 97
86 97
86 97
86 97
86 97
86 97
86 97
86 97
86 97
86 97
86 97
86 97
86 97
86 97
86 97
86 97
86 97
87 97
87 97
87 97
87 97
87 97
87 97
87 97
87 97
87 97
87 97
87 97
87 97
87 97
87 97
86 99
86 99
86 99
86 99
86 99
86 104
86 104
86 104
86 104
86 104
86 104
86 104
86 104
86 104
86 104
86 104
86 104
86 104
86 104
86 104
86 104
86 104
86 104
86 104
87 104
87 104
87 105
87 106
87 106
87 106
88 108
88 108
88 108
88 108
88 108
88 108
91 110
183 67
181 69
180 71
179 74
179 74
176 79
176 79
176 81
175 83
174 85
174 87
170 91
170 91
170 92
168 94
166 96
166 96
167 97
170 100
169 102
169 102
164 104
164 104
161 104
159 105
157 108
157 108
157 110
159 116
159 116
159 116
157 117
157 117
154 118
152 119
150 119
149 120
146 123
146 123
146 123
146 124
147 129
147 129
147 129
147 129
146 131
146 131
146 131
146 131
145 132
145 132
144 133
144 132
144 132
144 132
144 132
144 132
144 132
144 132
144 131
144 131
144 131
144 131
144 131
144 131
143 131
143 131
141 131
141 131
141 131
137 129
137 129
137 129
137 129
133 126
133 126
133 126
133 126
130 124
130 124
130 124
130 124
124 121
124 121
124 121
124 121
124 121
124 121
124 121
124 121
124 121
124 121
123 121
119 119
119 119
119 119
119 119
119 119
119 119
119 119
119 119
119 119
118 118
118 118
116 116
116 116
116 116
116 116
116 116
116 116
116 116
116 116
111 113
111 113
111 113
111 113
111 113
111 113
110 112
110 112
109 111
109 111
109 111
107 111
107 111
107 111
105 109
105 109
105 109
105 109
105 108
105 108
104 108
103 107
103 107
103 107
103 107
103 107
100 103
100 103
100 103
100 103
100 103
100 103
100 103
96 102
96 102
96 102
96 102
96 102
96 102
96 102
96 102
95 101
95 101
95 101
95 101
95 101
95 101
93 99
93 99
93 99
93 99
93 99
93 99
93 99
91 98
91 98
91 98
91 98
91 98
91 98
91 98
90 98
90 98
90 98
90 98
90 98
90 98
90 98
90 98
89 98
89 98
89 98
89 98
89 98
89 98
89 98
89 98
89 98
89 98
89 98
90 97
90 97
90 97
90 97
90 97
90 97
90 97
90 97
90 97
90 97
90 97
90 97
90 97
90 97
90 97
90 97
90 97
90 97
90 97
90 97
90 97
90 97
90 97
90 97
90 97
90 97
90 97
90 97
90 97
90 97
90 97
90 97
90 97
90 97
90 97
90 97
90 97
90 97
90 97
90 97
90 96
90 96
90 96
90 96
90 96
90 96
89 97
89 97
89 97
89 97
89 97
89 97
89 97
89 97
89 97
89 97
89 97
89 97
89 97
89 97
89 97
89 97
89 97
89 97
89 97
89 97
89 97
89 97
89 97
89 97
89 97
89 97
89 97
89 97
90 97
90 97
90 97
90 97
90 97
90 97
90 97
90 97
90 97
90 97
90 97
90 97
90 97
90 97
90 97
90 97
90 97
90 97
90 97
90 97
90 97
90 97
90 97
90 97
90 97
90 97
90 97
90 97
90 97
90 97
90 97
90 97
90 97
90 97
90 97
90 97
90 97
90 97
89 97
89 97
89 97
89 97
89 97
89 97
89 97
89 97
89 97
89 97
89 97
89 97
89 97
89 97
89 97
89 97
89 97
89 97
89 97
89 97
89 97
89 97
89 97
89 97
89 97
89 97
89 97
89 97
89 97
89 97
89 97
89 97
89 97
89 97
89 97
89 97
89 97
89 97
89 97
89 97
89 97
89 97
89 97
89 97
89 97
89 97
89 97
89 97
89 97
89 97
89 97
89 97
89 97
89 97
89 97
89 97
90 97
90 97
90 97
90 97
90 97
90 97
90 97
90 97
90 97
90 97
90 97
90 97
90 97
90 97
89 99
89 99
89 99
89 99
89 99
90 103
90 103
90 103
90 103
90 103
90 103
90 103
90 103
90 103
90 103
90 103
90 103
90 103
90 103
90 103
90 103
90 103
90 103
90 103
90 103
90 103
90 104
91 106
91 106
91 106
91 107
91 107
91 107
91 107
91 107
91 107
94 110
175 99
174 101
174 101
173 102
173 102
173 102
173 102
172 104
172 104
171 105
161 115
161 115
161 115
158 117
158 117
155 118
152 118
151 119
150 119
147 122
147 122
147 122
148 124
148 129
148 129
148 129
148 129
147 130
147 130
147 130
147 131
147 131
146 132
145 133
145 132
145 132
145 132
145 132
145 132
145 132
145 132
145 131
145 131
145 131
145 131
145 131
145 131
144 131
144 131
142 132
142 132
142 132
138 129
138 129
138 129
138 129
134 126
134 126
134 126
134 126
131 125
131 125
131 125
131 125
125 121
125 121
125 121
125 121
125 121
125 121
125 121
125 121
125 121
125 121
124 121
120 119
120 119
120 119
120 119
120 119
120 119
120 119
120 119
120 119
119 119
119 119
117 117
117 117
117 117
117 117
117 117
117 117
117 117
117 117
112 113
112 113
112 113
112 113
112 113
112 113
112 112
111 112
110 112
110 112
110 112
109 111
109 111
109 111
107 109
107 109
107 109
107 109
106 109
106 109
106 109
105 108
105 108
105 108
105 108
105 108
101 104
101 104
101 104
101 104
101 104
101 104
101 104
98 103
98 103
98 103
98 103
98 103
98 103
98 103
98 103
96 102
96 102
96 102
96 102
96 102
96 102
94 101
94 101
94 101
94 101
94 101
94 101
94 101
93 101
93 101
93 101
93 101
93 101
93 101
93 101
93 101
93 101
93 101
93 101
93 101
93 101
93 101
93 101
93 101
93 101
93 101
93 101
93 101
93 101
93 101
93 101
93 101
93 101
93 101
93 100
93 100
93 100
93 100
93 100
93 100
93 100
93 100
93 100
93 100
93 100
93 100
93 100
93 100
93 100
93 100
93 100
93 100
93 100
93 100
93 100
93 100
93 100
93 100
93 100
93 100
93 100
93 100
93 100
93 100
93 100
93 100
93 100
93 100
93 100
93 100
93 100
93 100
93 100
93 100
93 100
93 100
93 100
93 100
93 100
93 100
93 100
93 100
93 100
93 100
93 100
93 100
93 100
93 100
93 100
93 100
93 100
93 100
93 100
93 100
93 100
93 100
93 100
93 100
93 100
93 100
93 100
93 100
93 100
93 100
93 100
93 100
93 100
93 100
93 100
93 100
93 100
93 100
93 100
93 101
93 101
93 101
93 101
93 101
93 101
93 101
93 101
93 101
93 101
93 101
93 100
93 100
93 100
93 100
93 100
93 100
93 100
93 100
93 100
93 100
93 100
93 100
93 100
93 100
93 100
93 100
93 100
93 100
93 100
93 100
93 100
93 100
93 101
93 101
93 101
93 101
93 101
93 101
93 101
93 101
93 101
93 101
93 101
93 101
93 101
93 101
93 101
93 101
93 101
93 101
93 101
93 101
93 101
93 101
93 100
93 100
93 100
93 100
93 100
93 100
93 100
93 100
93 100
93 100
93 100
93 100
93 100
93 100
93 100
93 100
93 100
93 100
93 100
93 100
93 100
93 100
93 100
93 100
93 100
93 100
93 100
93 100
93 100
93 100
93 100
93 100
93 100
93 100
93 101
93 101
93 101
93 101
93 101
93 101
93 101
93 101
93 101
93 101
93 101
93 101
93 101
93 101
94 100
94 100
94 100
94 100
94 100
94 101
94 101
94 101
94 101
94 101
94 101
94 101
94 101
94 101
94 101
94 101
94 101
94 101
94 101
94 101
94 101
94 101
94 101
94 101
95 101
95 101
95 102
95 104
95 104
95 104
96 106
96 106
96 106
96 106
96 106
96 106
98 107
143 87
143 87
140 90
140 90
139 91
138 93
135 96
135 96
133 97
127 102
127 102
127 102
126 103
126 103
125 104
124 105
123 107
122 108
120 112
120 112
120 112
120 113
117 117
117 117
117 117
117 117
116 119
116 119
116 119
115 119
114 119
113 120
113 120
111 120
111 120
111 120
111 120
111 120
111 120
111 120
109 120
109 120
109 120
109 120
109 120
109 120
109 119
109 119
106 118
106 118
106 118
104 116
104 116
104 116
104 116
102 116
102 116
102 116
102 116
100 115
100 115
100 115
100 115
92 112
92 112
92 112
92 112
92 112
92 112
92 112
92 112
92 112
92 112
92 112
87 107
87 107
87 107
87 107
87 107
87 107
87 107
87 107
87 107
86 106
86 106
82 104
82 104
82 104
82 104
82 104
82 104
82 104
82 104
79 102
79 102
79 102
79 102
79 102
79 102
79 102
78 101
77 100
77 100
77 100
77 99
77 99
77 99
75 97
75 97
75 97
75 97
74 96
74 96
74 96
72 95
72 95
72 95
72 95
72 95
69 93
69 93
69 93
69 93
69 93
69 93
69 93
67 91
67 91
67 91
67 91
67 91
67 91
67 91
67 91
66 90
66 90
66 90
66 90
66 90
66 90
64 88
64 88
64 88
64 88
64 88
64 88
64 88
63 87
63 87
63 87
63 87
63 87
63 87
63 87
63 85
63 85
63 85
63 85
63 85
63 85
63 85
63 85
63 80
63 80
63 80
63 80
63 80
63 80
63 80
63 80
63 80
63 80
63 80
64 76
64 76
64 76
64 76
64 76
64 76
64 76
65 73
65 73
65 73
65 73
65 73
66 70
66 70
66 70
66 70
66 69
68 62
68 62
68 62
68 62
68 62
68 62
68 62
68 62
68 62
68 62
68 62
68 62
68 62
68 62
68 62
68 62
68 62
68 62
68 62
68 62
68 62
68 62
68 62
68 62
68 62
68 62
68 62
68 62
68 62
68 62
68 62
68 62
68 62
68 62
68 62
68 62
68 62
68 62
68 62
68 62
68 62
68 62
68 62
68 62
68 62
68 62
68 62
68 62
68 62
68 62
68 62
68 62
68 62
68 62
68 62
68 62
68 62
68 62
68 62
68 62
68 62
68 62
68 62
68 62
68 62
68 62
68 62
68 62
68 62
68 62
68 62
68 62
68 62
68 62
68 62
68 62
68 62
68 62
68 62
68 62
68 62
68 62
68 62
68 62
68 62
68 62
68 62
68 62
68 62
68 62
68 62
68 62
68 62
68 62
68 62
68 62
68 62
68 62
68 62
68 62
68 62
68 62
68 62
68 62
68 62
68 62
68 62
68 62
68 62
68 62
68 62
68 62
68 62
68 62
68 62
68 62
68 62
68 68
68 68
68 68
68 68
68 68
68 68
68 68
68 68
68 68
68 68
68 68
68 68
68 68
68 68
68 68
68 68
68 68
68 68
68 68
68 68
68 68
68 68
68 68
68 68
68 68
68 68
68 68
68 68
68 68
68 68
68 68
68 68
68 68
68 68
67 74
67 74
67 74
67 74
67 74
67 74
67 74
67 74
67 74
67 74
67 74
67 74
67 74
67 74
67 76
67 76
67 76
67 76
67 76
68 81
68 81
68 81
68 81
68 81
68 81
68 81
68 81
68 81
68 81
68 81
68 81
68 81
68 81
68 81
68 81
68 81
68 81
68 81
68 81
68 81
69 82
69 82
69 82
69 82
69 82
82 155
83 155
84 154
84 154
85 153
87 149
87 149
87 149
88 149
88 149
88 148
89 147
89 147
90 146
92 144
92 144
92 144
93 144
95 141
95 141
95 141
95 141
96 140
96 140
96 140
96 139
96 139
96 139
96 139
96 138
96 138
96 138
96 138
96 138
96 138
96 138
95 138
95 138
95 138
95 138
95 138
94 139
93 139
93 139
92 138
92 138
92 138
90 137
90 137
90 137
90 137
90 135
90 135
90 135
90 135
88 132
88 132
88 132
88 132
84 125
84 125
84 125
84 125
84 125
84 125
84 125
84 125
84 125
84 125
84 124
79 120
79 120
79 120
79 120
79 120
79 120
79 120
79 120
79 120
79 119
79 119
77 114
77 114
77 114
77 114
77 114
77 114
77 114
77 114
76 113
76 113
76 113
76 113
76 113
76 113
75 112
75 112
74 111
74 111
74 111
72 110
72 110
72 110
71 109
71 109
71 109
71 109
71 108
71 108
71 108
70 106
70 106
70 106
70 106
70 106
68 104
68 104
68 104
68 104
68 104
68 104
68 104
65 102
65 102
65 102
65 102
65 102
65 102
65 102
65 102
64 100
64 100
64 100
64 100
64 100
64 100
62 98
62 98
62 98
62 98
62 98
62 98
62 98
61 97
61 97
61 97
61 97
61 97
61 97
61 97
59 95
59 95
59 95
59 95
59 95
59 95
59 95
59 95
59 89
59 89
59 89
59 89
59 89
59 89
59 89
59 89
59 89
59 89
59 89
60 85
60 85
60 85
60 85
60 85
60 85
60 85
60 83
142 102
139 106
139 106
137 107
134 114
134 114
134 114
132 115
132 115
131 116
130 117
129 118
128 119
126 123
126 123
126 123
125 124
124 128
124 128
124 128
124 128
122 129
122 129
122 129
122 129
120 129
120 129
120 129
118 130
118 130
118 130
118 130
118 130
118 130
118 130
117 130
117 130
117 130
117 130
117 130
116 130
116 130
116 130
115 130
115 130
115 130
113 130
113 130
113 130
113 130
111 129
111 129
111 129
111 129
108 127
108 127
108 127
108 127
98 119
98 119
98 119
98 119
98 119
98 119
98 119
98 119
98 119
98 119
97 119
92 114
92 114
92 114
92 114
92 114
92 114
92 114
92 114
92 114
91 113
91 113
86 110
86 110
86 110
86 110
86 110
86 110
86 110
86 110
83 107
83 107
83 107
83 107
83 107
83 107
82 107
82 107
81 106
81 106
81 106
80 104
80 104
80 104
78 102
78 102
78 102
78 102
77 101
77 101
77 101
76 99
76 99
76 99
76 99
76 99
73 97
73 97
73 97
73 97
73 97
73 97
73 97
70 95
70 95
70 95
70 95
70 95
70 95
70 95
70 95
69 93
69 93
69 93
69 93
69 93
69 93
67 91
67 91
67 91
67 91
67 91
67 91
67 91
66 90
66 90
66 90
66 90
66 90
66 90
65 90
65 88
65 88
65 88
65 88
65 88
65 88
65 88
65 88
65 84
65 84
65 84
65 84
65 84
65 84
65 84
65 84
65 84
65 84
65 84
66 80
66 80
66 80
66 80
66 80
66 80
66 80
67 76
67 76
67 76
67 76
67 76
67 74
67 74
67 74
67 74
68 73
70 64
70 64
70 64
70 64
70 64
70 64
70 64
70 64
70 64
70 64
70 64
70 64
70 64
70 64
70 64
70 64
70 64
70 64
70 64
70 64
70 64
70 64
70 64
70 64
70 64
70 64
70 64
70 64
70 64
70 64
70 64
70 64
70 64
70 64
70 64
70 64
70 64
70 64
70 64
70 64
70 64
70 64
70 64
70 64
70 64
70 64
70 64
70 64
70 64
70 64
70 64
70 64
70 64
71 64
71 64
71 64
71 64
71 64
71 64
71 64
71 64
71 64
71 64
71 64
71 64
71 64
71 64
71 64
71 64
71 64
71 64
71 64
71 64
71 64
71 64
71 64
71 64
71 64
71 64
71 64
71 64
71 64
71 64
71 64
71 64
71 64
71 64
71 64
71 64
71 64
71 64
71 64
71 64
71 64
71 64
70 64
70 64
70 64
70 64
70 64
70 64
70 64
70 64
70 64
70 64
70 64
70 64
70 64
70 64
70 64
70 64
70 64
70 64
70 64
70 64
70 64
70 64
70 71
70 71
70 71
70 71
70 71
70 71
70 71
70 71
70 71
70 71
70 71
70 71
70 71
70 71
70 71
70 71
70 71
70 71
70 71
70 71
70 71
70 71
70 71
70 71
70 71
70 71
70 71
70 71
70 71
70 71
70 71
70 71
70 71
70 71
69 77
69 77
69 77
69 77
69 77
69 77
69 77
69 77
69 77
69 77
69 77
69 77
69 77
69 77
69 79
69 79
69 79
69 79
69 79
69 85
69 85
69 85
69 85
69 85
69 85
69 85
69 85
69 85
69 85
69 85
69 85
69 85
69 85
69 85
69 85
69 85
69 85
69 85
69 86
69 86
69 86
70 87
70 87
70 87
71 88
71 88
71 88
71 88
71 88
71 88
72 90
72 90
72 90
72 90
72 90
72 90
73 90
74 92
101 169
101 169
101 168
104 165
104 165
104 165
104 164
104 164
104 162
104 162
105 161
105 160
107 159
107 159
107 159
108 158
110 156
110 156
110 156
110 156
110 155
110 155
110 155
110 155
110 155
111 154
111 154
111 153
111 153
111 153
111 153
111 153
111 153
111 153
111 152
111 152
111 152
111 152
111 152
110 152
109 152
109 152
108 152
108 152
108 152
107 151
107 151
107 151
107 151
105 149
105 149
105 149
105 149
103 146
103 146
103 146
103 146
98 138
98 138
98 138
98 138
98 138
98 138
98 138
98 138
98 138
98 138
98 137
93 131
93 131
93 131
93 131
93 131
93 131
93 131
93 131
93 131
92 130
92 130
89 125
89 125
89 125
89 125
89 125
89 125
89 125
89 125
86 121
86 121
86 121
86 121
86 121
86 121
86 121
85 121
83 119
83 119
83 119
82 118
82 118
82 118
80 116
80 116
80 116
80 116
80 116
80 116
80 116
79 114
79 114
79 114
79 114
79 114
78 111
78 111
78 111
78 111
78 111
78 111
78 111
76 110
76 110
76 110
76 110
76 110
76 110
76 110
76 110
76 108
76 108
76 108
76 108
76 108
76 108
75 107
75 107
75 107
75 107
75 107
75 107
75 107
74 106
74 106
74 106
74 106
74 106
74 106
74 106
73 105
73 105
73 105
73 105
73 105
73 105
73 105
73 105
72 101
72 101
72 101
72 101
72 101
72 101
72 101
72 101
72 101
72 101
72 101
74 98
74 98
74 98
74 98
74 98
74 98
74 98
74 93
74 93
74 93
74 93
74 93
76 89
76 89
76 89
76 89
76 89
78 83
78 83
78 83
78 83
78 83
78 83
78 83
78 83
78 83
78 83
78 83
78 83
78 83
78 83
78 83
78 83
78 83
78 83
78 83
78 83
78 83
78 83
78 83
78 83
78 83
78 83
78 83
78 83
78 83
78 84
78 84
78 84
78 84
78 84
78 84
78 84
78 84
78 84
78 84
78 84
78 84
78 84
78 84
78 84
78 84
78 84
78 84
78 84
78 84
78 84
78 84
78 84
78 84
78 84
78 84
78 84
78 84
78 84
78 84
78 84
78 84
78 84
78 83
78 83
78 83
78 83
78 83
78 83
78 83
78 83
78 83
78 83
78 83
78 83
78 83
78 83
78 83
78 83
78 83
78 83
78 83
78 83
78 83
78 83
78 83
78 83
78 83
78 83
78 83
78 83
78 83
78 83
78 83
78 83
78 83
77 83
77 83
77 83
77 83
77 83
77 83
77 83
78 83
78 83
78 83
78 83
78 83
78 83
78 83
78 83
78 83
78 83
78 83
78 83
78 83
78 83
78 83
76 85
76 85
76 85
76 85
76 85
76 85
76 85
76 85
76 85
76 85
76 85
76 85
76 85
76 85
76 85
76 85
76 85
76 85
76 85
76 85
76 85
76 85
76 85
76 85
76 85
76 85
76 85
76 85
76 85
76 85
76 85
76 85
76 85
76 85
75 90
75 90
75 90
75 90
75 90
75 90
75 90
75 90
75 90
75 90
75 90
75 90
75 90
75 90
76 92
76 92
76 92
76 92
76 92
76 101
76 101
76 101
76 101
76 101
76 101
76 101
76 101
76 101
76 101
76 101
76 101
76 101
76 101
76 101
76 101
76 101
76 101
76 101
77 101
77 101
77 102
77 103
77 103
77 103
78 105
78 105
78 105
78 105
78 105
78 105
79 107
79 107
79 107
79 107
79 107
79 107
80 107
81 109
127 159
127 159
127 159
128 158
128 158
128 158
128 158
128 158
128 158
128 159
129 159
131 158
132 154
132 154
132 154
132 154
133 152
133 152
133 152
133 152
134 152
134 152
134 152
134 152
134 152
134 152
134 152
134 152
134 152
134 152
134 152
134 152
134 151
134 151
134 151
134 151
134 151
134 151
134 151
134 151
134 151
134 151
133 148
133 148
133 148
129 145
129 145
129 145
129 145
123 142
123 142
123 142
123 142
123 141
123 141
123 141
123 141
123 139
123 139
123 139
123 139
123 139
123 139
123 139
123 139
123 139
123 139
123 139
117 131
117 131
117 131
117 131
117 131
117 131
117 131
117 131
117 131
117 131
117 131
113 128
113 128
113 128
113 128
113 128
113 128
113 128
113 128
111 126
111 126
111 126
111 126
111 126
111 126
111 126
111 126
110 125
110 125
110 125
108 122
108 122
108 122
105 120
105 120
105 120
105 120
105 120
105 120
105 120
103 119
105 158
108 155
108 155
108 155
108 154
108 154
108 153
107 152
107 151
107 150
108 149
108 149
108 149
108 148
111 146
111 146
111 146
111 146
111 144
111 144
111 144
111 144
111 143
111 143
111 143
110 142
110 142
110 142
110 142
110 142
110 142
110 142
109 142
109 142
109 142
109 142
109 142
109 142
109 142
109 142
108 142
108 142
108 142
106 141
106 141
106 141
106 141
106 139
106 139
106 139
106 139
105 135
105 135
105 135
105 135
97 126
97 126
97 126
97 126
97 126
97 126
97 126
97 126
97 126
97 126
97 125
92 120
92 120
92 120
92 120
92 120
92 120
92 120
92 120
92 120
90 119
90 119
86 115
86 115
86 115
86 115
86 115
86 115
86 115
86 115
83 113
83 113
83 113
83 113
83 113
83 113
83 113
82 112
81 111
81 111
81 111
80 110
80 110
80 110
78 108
78 108
78 108
78 108
77 107
77 107
77 107
75 105
75 105
75 105
75 105
75 105
73 102
73 102
73 102
73 102
73 102
73 102
73 102
69 100
69 100
69 100
69 100
69 100
69 100
69 100
69 100
68 98
68 98
68 98
68 98
68 98
68 98
66 96
66 96
66 96
66 96
66 96
66 96
66 96
65 94
65 94
65 94
65 94
65 94
65 94
65 94
63 92
63 92
63 92
63 92
63 92
63 92
63 92
63 92
63 87
63 87
63 87
63 87
63 87
63 87
63 87
63 87
63 87
63 87
63 87
64 82
64 82
64 82
64 82
64 82
64 82
64 82
65 79
65 79
65 79
65 79
65 79
65 77
65 77
65 77
65 77
65 77
69 67
69 67
69 67
69 67
69 67
69 67
69 67
69 67
69 67
69 67
69 67
69 67
69 67
69 67
69 67
69 67
69 67
69 67
69 67
69 67
69 67
69 67
69 67
69 66
69 66
69 66
69 66
69 66
69 66
69 66
69 66
69 66
69 66
69 66
69 66
69 66
69 66
69 66
69 66
69 66
69 66
69 66
69 66
69 66
69 66
69 66
69 66
69 66
69 66
69 66
69 66
69 66
69 66
69 66
69 66
69 66
69 66
69 66
69 66
69 66
69 66
69 66
69 66
69 66
69 66
69 66
69 66
69 66
69 66
69 66
69 66
69 66
69 66
69 66
69 66
69 66
69 66
69 66
69 66
69 66
69 66
69 66
69 66
69 66
69 66
69 66
69 66
69 66
69 66
69 66
69 66
69 66
69 66
69 66
69 66
69 66
69 66
69 66
69 66
69 66
69 66
69 66
69 66
69 66
69 66
69 66
69 66
69 66
69 66
69 66
69 66
69 66
69 66
69 66
69 66
69 66
69 66
66 74
66 74
66 74
66 74
66 74
66 74
66 74
66 74
66 74
66 74
66 74
66 74
66 74
66 74
66 74
66 74
66 74
66 74
66 74
66 74
66 74
66 74
66 74
66 74
66 74
66 74
66 74
66 74
66 74
66 74
66 74
66 74
66 74
66 74
65 79
65 79
65 79
65 79
65 79
65 79
65 79
65 79
65 79
65 79
65 79
65 79
65 79
65 79
66 80
66 80
66 80
66 80
66 80
66 86
66 86
66 86
66 86
66 86
66 86
66 86
66 86
66 86
66 86
66 86
66 86
66 86
66 86
66 86
66 86
66 86
66 86
66 86
66 86
66 86
66 86
67 87
67 87
67 87
68 88
68 88
68 88
68 88
68 88
68 88
69 89
69 89
69 89
69 89
69 89
69 89
70 89
117 163
117 163
117 163
118 163
118 163
120 163
122 163
123 162
124 161
124 159
124 159
124 159
124 159
124 156
124 156
124 156
124 156
126 156
126 156
126 156
126 156
127 156
127 156
127 156
126 155
126 155
126 155
126 155
126 155
126 154
125 154
125 153
125 153
125 153
125 153
125 153
124 153
125 153
125 153
125 152
125 152
125 152
125 152
125 152
125 152
125 152
122 150
122 150
122 150
122 150
122 149
122 149
122 149
122 149
120 144
120 144
120 144
120 144
120 144
120 144
120 144
120 144
120 144
120 144
120 144
115 136
115 136
115 136
115 136
115 136
115 136
115 136
115 136
115 136
114 136
114 136
111 133
111 133
111 133
111 133
111 133
111 133
111 133
111 133
109 130
109 130
109 130
109 130
109 130
109 130
109 130
109 130
108 129
108 129
108 129
105 125
105 125
105 125
103 124
103 124
103 124
103 124
103 124
103 124
103 124
100 123
100 123
100 123
100 123
100 123
98 120
98 120
98 120
98 120
98 120
98 120
98 120
94 117
94 117
94 117
94 117
94 117
94 117
94 117
94 117
94 116
94 116
94 116
94 116
94 116
94 116
91 115
129 119
129 119
129 119
128 120
128 120
126 122
125 123
124 124
123 125
121 128
121 128
121 128
121 129
121 130
121 130
121 130
121 130
120 130
120 130
120 130
119 130
118 130
117 130
117 130
116 131
116 131
116 131
116 131
116 131
116 131
115 131
114 131
114 131
114 131
114 131
114 131
114 131
114 131
114 131
113 131
113 131
113 131
114 133
114 133
114 133
114 133
112 131
112 131
112 131
112 131
109 129
109 129
109 129
109 129
98 121
98 121
98 121
98 121
98 121
98 121
98 121
98 121
98 121
98 121
98 120
93 116
93 116
93 116
93 116
93 116
93 116
93 116
93 116
93 116
92 115
92 115
87 111
87 111
87 111
87 111
87 111
87 111
87 111
87 111
83 109
83 109
83 109
83 109
83 109
83 109
83 108
83 108
81 107
81 107
81 107
81 105
81 105
81 105
79 103
79 103
79 103
79 103
78 103
78 103
78 102
76 100
76 100
76 100
76 100
76 100
74 99
74 99
74 99
74 99
74 99
74 99
74 99
70 96
70 96
70 96
70 96
70 96
70 96
70 96
70 96
69 94
69 94
69 94
69 94
69 94
69 94
68 93
68 93
68 93
68 93
68 93
68 93
68 93
66 91
66 91
66 91
66 91
66 91
66 91
66 91
66 89
66 89
66 89
66 89
66 89
66 89
66 89
66 89
65 85
65 85
65 85
65 85
65 85
65 85
65 85
65 85
65 85
65 85
65 85
67 81
67 81
67 81
67 81
67 81
67 81
67 81
68 77
68 77
68 77
68 77
68 77
68 75
68 75
68 75
68 75
69 75
72 65
72 65
72 65
72 65
72 65
72 65
72 65
72 65
72 65
72 65
72 65
72 65
72 65
72 65
72 65
72 65
72 65
72 65
72 65
72 65
72 65
72 65
72 65
72 65
72 65
72 65
72 65
72 65
72 65
72 65
72 65
72 65
72 65
72 65
72 65
72 65
72 65
72 65
72 65
72 65
72 65
72 65
72 65
72 65
72 65
72 65
72 65
72 65
72 65
72 65
72 65
72 65
72 65
72 65
72 65
72 65
72 65
72 65
72 65
72 65
72 65
72 65
73 65
73 65
73 65
73 65
73 65
73 65
73 65
73 65
73 65
73 65
72 65
72 65
72 65
72 65
72 65
72 65
72 65
72 65
72 65
72 65
72 65
72 65
72 65
72 65
72 65
72 65
72 65
72 65
72 65
72 65
72 65
72 65
72 65
72 65
72 65
72 65
72 65
72 65
72 65
72 65
72 65
72 65
72 65
72 65
72 65
72 65
72 65
72 65
72 65
72 65
72 65
72 65
72 65
72 65
72 65
71 73
71 73
71 73
71 73
71 73
71 73
71 73
71 73
71 73
71 73
71 73
71 73
71 73
71 73
71 73
71 73
71 73
71 73
71 73
71 73
71 73
71 73
71 73
71 73
71 73
71 73
71 73
71 73
71 73
71 73
71 73
71 73
71 73
71 73
70 80
70 80
70 80
70 80
70 80
70 80
70 80
70 80
70 80
70 80
70 80
70 80
70 80
70 80
71 82
71 82
71 82
71 82
71 82
70 89
70 89
70 89
70 89
70 89
70 89
70 89
70 89
70 89
70 89
70 89
70 89
70 89
70 89
70 89
70 89
70 89
70 89
70 89
71 90
71 90
71 90
71 91
71 91
71 91
73 93
73 93
73 93
73 93
73 93
73 93
74 95
74 95
74 95
74 95
74 95
74 95
74 95
76 97
148 120
145 121
144 122
142 122
140 126
140 126
140 126
140 127
142 132
142 132
142 132
142 132
140 135
140 135
140 135
140 135
140 135
140 136
140 136
139 135
139 135
139 135
139 135
139 135
138 135
138 135
138 134
138 134
138 134
138 134
138 134
138 134
138 134
138 134
136 135
136 135
136 135
132 132
132 132
132 132
132 132
126 129
126 129
126 129
126 129
123 126
123 126
123 126
123 126
121 124
121 124
121 124
121 124
121 124
121 124
121 124
121 124
121 124
121 124
120 124
115 122
115 122
115 122
115 122
115 122
115 122
115 122
115 122
115 122
115 121
115 121
112 118
112 118
112 118
112 118
112 118
112 118
112 118
112 118
108 116
108 116
108 116
108 116
108 116
108 116
108 115
107 115
107 114
107 114
107 114
105 114
105 114
105 114
103 111
103 111
103 111
103 111
101 110
101 110
101 109
100 108
100 108
100 108
100 108
100 108
98 106
98 106
98 106
98 106
98 106
98 106
98 106
94 104
94 104
94 104
94 104
94 104
94 104
94 104
94 104
92 102
92 102
92 102
92 102
92 102
92 102
90 101
90 101
90 101
90 101
90 101
90 101
90 101
89 99
89 99
89 99
89 99
89 99
89 99
89 99
88 96
88 96
88 96
88 96
88 96
88 96
88 96
88 96
89 91
89 91
89 91
89 91
89 91
89 91
89 91
89 91
89 91
89 91
89 91
91 86
91 86
91 86
91 86
91 86
91 86
91 86
91 86
91 86
91 86
91 86
91 86
91 86
91 86
91 86
91 86
91 86
91 86
91 86
91 86
91 86
91 86
91 86
91 86
91 86
91 86
91 86
91 86
91 86
91 86
91 86
91 86
91 86
91 86
91 86
91 86
91 86
91 86
91 86
91 86
91 85
91 85
91 85
91 85
91 85
91 85
91 86
91 86
91 86
91 86
91 86
91 86
91 86
91 86
91 86
91 86
91 86
91 86
91 86
91 86
91 86
91 86
91 86
91 86
91 86
91 86
91 86
91 86
91 86
91 86
91 86
91 86
91 86
91 86
91 85
91 85
91 85
91 85
91 85
91 85
91 85
91 85
91 85
91 85
91 85
91 85
91 85
91 85
91 85
91 85
91 86
91 86
91 86
91 86
91 86
91 86
91 86
91 86
91 86
91 86
91 86
91 86
91 86
91 86
91 86
91 86
91 86
91 86
91 86
91 86
91 86
91 86
90 86
90 86
90 86
90 86
90 86
90 86
90 86
90 86
90 86
90 86
90 86
90 86
90 86
90 86
90 86
90 86
90 86
90 86
90 86
90 86
90 86
90 86
90 89
90 89
90 89
90 89
90 89
90 89
90 89
90 89
90 89
90 89
90 89
90 89
90 89
90 89
90 89
90 89
90 89
90 89
90 89
90 89
90 89
90 89
90 89
90 89
90 89
90 89
90 89
90 89
90 89
90 89
90 89
90 89
90 89
90 89
92 92
92 92
92 92
92 92
92 92
92 92
92 92
92 92
92 92
92 92
92 92
92 92
92 92
92 92
92 93
92 93
92 93
92 93
92 93
96 96
96 96
96 96
96 96
96 96
96 96
96 96
96 96
96 96
96 96
96 96
96 96
96 96
96 96
96 96
96 96
96 96
96 96
96 96
97 96
97 96
97 96
97 96
97 96
97 96
98 96
98 96
98 96
98 96
98 96
98 96
108 95
108 95
108 95
108 95
108 95
108 95
108 95
113 152
112 151
112 151
112 150
112 148
112 148
112 148
113 148
116 145
116 145
116 145
116 145
115 144
115 144
115 144
115 144
115 143
116 143
115 143
115 142
115 142
115 142
115 142
115 142
115 142
114 142
114 141
114 141
114 141
114 141
114 141
113 141
113 141
113 141
114 141
114 141
114 141
115 141
115 141
115 141
115 141
114 139
114 139
114 139
114 139
114 137
114 137
114 137
114 137
106 128
106 128
106 128
106 128
106 128
106 128
106 128
106 128
106 128
106 128
106 127
102 123
102 123
102 123
102 123
102 123
102 123
102 123
102 123
102 123
101 121
101 121
97 118
97 118
97 118
97 118
97 118
97 118
97 118
97 118
94 116
94 116
94 116
94 116
94 116
94 116
93 115
93 115
91 114
91 114
91 114
90 113
90 113
90 113
89 111
89 111
89 111
89 111
88 110
88 110
87 109
87 108
87 108
87 108
87 108
87 108
86 107
86 107
86 107
86 107
86 107
86 107
86 107
83 105
83 105
83 105
83 105
83 105
83 105
83 105
83 105
82 103
82 103
82 103
82 103
82 103
82 103
80 101
80 101
80 101
80 101
80 101
80 101
80 101
79 100
79 100
79 100
79 100
79 100
79 100
78 100
77 97
77 97
77 97
77 97
77 97
77 97
77 97
77 97
76 93
76 93
76 93
76 93
76 93
76 93
76 93
76 93
76 93
76 93
76 93
76 88
76 88
76 88
76 88
76 88
76 88
76 88
78 85
78 85
78 85
78 85
78 85
80 82
80 82
80 82
80 82
80 82
82 73
82 73
82 73
82 73
82 73
82 73
82 73
82 73
82 73
82 73
82 73
82 73
82 73
82 73
82 73
82 73
82 73
82 73
82 73
82 73
82 73
82 73
82 73
82 73
82 73
82 73
82 73
82 73
82 73
82 73
82 73
82 73
82 73
82 73
82 73
82 73
82 73
82 73
82 73
82 73
82 73
82 73
82 73
82 73
82 73
82 73
82 73
82 73
82 73
82 73
82 73
82 73
82 73
82 73
82 73
82 73
82 73
82 73
82 73
82 73
82 73
82 73
82 73
82 73
82 73
82 73
82 73
82 73
82 73
82 73
82 73
82 73
82 73
82 73
82 73
82 73
82 73
82 73
82 73
82 73
82 73
82 73
82 73
82 73
82 73
82 73
82 73
82 73
82 73
82 73
82 73
82 73
82 73
82 73
82 73
82 73
82 73
82 73
82 73
82 73
82 73
82 73
82 73
82 73
82 73
82 73
82 73
82 73
82 73
82 73
82 73
82 73
82 73
82 73
82 73
82 73
82 73
81 82
81 82
81 82
81 82
81 82
81 82
81 82
81 82
81 82
81 82
81 82
81 82
81 82
81 82
81 82
81 82
81 82
81 82
81 82
81 82
81 82
81 82
81 82
81 82
81 82
81 82
81 82
81 82
81 82
81 82
81 82
81 82
81 82
81 82
80 88
80 88
80 88
80 88
80 88
80 88
80 88
80 88
80 88
80 88
80 88
80 88
80 88
80 88
81 90
81 90
81 90
81 90
81 90
82 99
82 99
82 99
82 99
82 99
82 99
82 99
82 99
82 99
82 99
82 99
82 99
82 99
82 99
82 99
82 99
82 99
82 99
82 99
82 99
82 99
82 100
82 101
82 101
82 101
84 103
84 103
84 103
84 103
84 103
84 103
86 105
86 105
86 105
86 105
86 105
86 105
86 105
88 106
105 150
105 149
105 149
106 147
106 147
106 147
106 146
109 144
109 144
109 144
109 144
109 142
109 142
109 142
109 142
109 141
109 141
109 141
108 140
108 140
108 140
108 140
108 140
108 140
108 140
107 140
107 140
107 140
107 140
107 140
106 140
106 140
106 140
104 140
104 140
104 140
101 138
101 138
101 138
101 138
101 136
101 136
101 136
101 136
100 133
100 133
100 133
100 133
95 125
95 125
95 125
95 125
95 125
95 125
95 125
95 125
95 125
95 125
94 124
88 119
88 119
88 119
88 119
88 119
88 119
88 119
88 119
88 119
87 118
87 118
84 114
84 114
84 114
84 114
84 114
84 114
84 114
84 114
81 112
81 112
81 112
81 112
81 112
81 112
81 111
80 111
79 110
79 110
79 110
78 108
78 108
78 108
76 106
76 106
76 106
76 106
75 106
75 106
75 105
73 103
73 103
73 103
73 103
73 103
71 101
71 101
71 101
71 101
71 101
71 101
71 101
67 99
67 99
67 99
67 99
67 99
67 99
67 99
67 99
66 97
66 97
66 97
66 97
66 97
66 97
64 94
64 94
64 94
64 94
64 94
64 94
64 94
63 93
63 93
63 93
63 93
63 93
63 93
63 93
62 91
62 91
62 91
62 91
62 91
62 91
62 91
62 91
62 86
62 86
62 86
62 86
62 86
62 86
62 86
62 86
62 86
62 86
62 86
63 82
63 82
63 82
63 82
63 82
63 82
63 82
63 79
63 79
63 79
63 79
63 79
63 77
63 77
63 77
63 77
63 77
66 70
66 70
66 70
66 70
66 70
66 70
66 70
66 70
66 70
66 70
66 70
66 70
66 70
66 70
66 70
66 70
66 70
66 70
66 70
66 70
66 70
66 70
66 70
66 70
66 70
66 70
66 70
66 70
66 70
66 70
66 70
66 70
66 70
66 70
66 70
66 70
66 70
66 70
66 70
66 70
66 70
66 70
66 70
66 70
66 70
66 70
66 70
66 70
66 70
66 70
66 70
66 70
66 70
66 70
66 70
66 70
66 70
66 70
66 70
66 70
66 70
66 70
66 70
66 70
66 70
66 70
66 70
66 70
66 70
66 70
66 70
66 70
66 70
66 70
66 70
66 70
66 70
66 70
66 70
66 70
66 70
66 70
66 70
66 70
66 70
66 70
66 70
66 70
66 70
66 70
66 70
66 70
66 70
66 70
66 70
66 70
66 70
66 70
66 70
66 70
66 70
66 70
66 70
66 70
66 70
66 70
66 70
66 70
66 70
66 70
66 70
66 70
66 70
66 70
66 70
66 70
66 70
64 75
64 75
64 75
64 75
64 75
64 75
64 75
64 75
64 75
64 75
64 75
64 75
64 75
64 75
64 75
64 75
64 75
64 75
64 75
64 75
64 75
64 75
64 75
64 75
64 75
64 75
64 75
64 75
64 75
64 75
64 75
64 75
64 75
64 75
63 78
63 78
63 78
63 78
63 78
63 78
63 78
63 78
63 78
63 78
63 78
63 78
63 78
63 78
64 80
64 80
64 80
64 80
64 80
64 84
64 84
64 84
64 84
64 84
64 84
64 84
64 84
64 84
64 84
64 84
64 84
64 84
64 84
64 84
64 84
64 84
64 84
64 84
65 85
65 85
65 85
65 86
65 86
65 86
66 86
66 86
66 86
66 86
66 86
66 86
67 87
151 131
149 133
147 135
147 135
147 135
147 135
147 136
147 136
147 136
147 136
145 140
145 140
145 140
145 140
145 140
145 140
144 140
144 139
144 139
144 139
144 139
144 139
144 139
144 139
144 138
144 138
144 138
144 138
144 138
144 138
144 138
144 138
141 139
141 139
141 139
135 136
135 136
135 136
135 136
129 133
129 133
129 133
129 133
127 130
127 130
127 130
127 130
125 129
125 129
125 129
125 129
125 129
125 129
125 129
125 129
125 129
125 129
125 129
120 126
120 126
120 126
120 126
120 126
120 126
120 126
120 126
120 126
119 125
119 125
115 121
115 121
115 121
115 121
115 121
115 121
115 121
115 121
112 118
112 118
112 118
112 118
112 118
112 118
112 118
112 118
112 118
112 118
112 118
109 117
109 117
109 117
106 114
106 114
106 114
106 114
105 113
105 113
105 113
104 112
104 112
104 112
104 112
104 112
103 110
146 118
143 121
143 121
143 121
143 123
144 128
144 128
144 128
144 128
143 130
143 130
143 130
143 131
142 131
142 132
142 132
141 131
141 131
141 131
141 131
141 131
141 131
140 131
140 130
140 130
140 130
140 130
140 130
140 130
140 130
140 130
138 130
138 130
138 130
135 127
135 127
135 127
135 127
130 125
130 125
130 125
130 125
126 122
126 122
126 122
126 122
122 120
122 120
122 120
122 120
122 120
122 120
122 120
122 120
122 120
122 120
121 119
117 118
117 118
117 118
117 118
117 118
117 118
117 118
117 118
117 118
116 117
116 117
113 114
113 114
113 114
113 114
113 114
113 114
113 114
113 114
109 111
109 111
109 111
109 111
109 111
109 111
108 111
108 110
106 109
106 109
106 109
105 109
105 109
105 109
103 107
103 107
103 107
103 107
102 106
102 106
102 106
101 105
101 105
101 105
101 105
101 105
97 102
97 102
97 102
97 102
97 102
97 102
97 102
94 100
94 100
94 100
94 100
94 100
94 100
94 100
94 100
92 99
92 99
92 99
92 99
92 99
92 99
91 97
91 97
91 97
91 97
91 97
91 97
91 97
90 93
90 93
90 93
90 93
90 93
90 93
90 92
89 91
89 91
89 91
89 91
89 91
89 91
89 91
89 91
89 89
89 89
89 89
89 89
89 89
89 89
89 89
89 89
89 89
89 89
89 89
91 84
91 84
91 84
91 84
91 84
91 84
91 84
90 83
90 83
90 83
90 83
90 83
90 81
90 81
90 81
90 81
90 81
90 81
90 81
90 81
90 81
90 81
90 81
90 81
90 81
90 81
90 81
90 81
90 81
90 81
90 81
90 81
90 81
90 81
90 81
90 81
90 81
90 81
90 81
90 81
90 81
90 81
90 81
90 81
90 81
90 81
90 81
90 81
90 81
90 81
90 81
90 81
90 81
90 81
90 81
90 81
90 81
90 81
90 81
90 81
90 81
90 81
90 81
90 81
90 81
90 81
90 81
90 81
90 81
90 81
90 81
90 81
90 81
90 81
90 81
90 81
90 81
90 81
90 81
90 81
90 81
90 81
90 81
90 81
90 81
90 81
90 81
90 81
90 81
90 81
90 81
90 81
90 81
90 81
90 81
90 81
90 81
90 81
90 81
90 81
90 81
90 81
90 81
90 81
90 81
90 81
90 81
90 81
90 81
90 81
90 81
90 81
90 81
90 81
90 81
90 81
90 81
90 81
90 81
90 81
90 81
90 81
90 81
90 81
90 81
90 81
90 81
90 81
90 81
90 81
90 81
90 81
90 81
90 81
89 87
89 87
89 87
89 87
89 87
89 87
89 87
89 87
89 87
89 87
89 87
89 87
89 87
89 87
89 87
89 87
89 87
89 87
89 87
89 87
89 87
89 87
89 87
89 87
89 87
89 87
89 87
89 87
89 87
89 87
89 87
89 87
89 87
89 87
91 91
91 91
91 91
91 91
91 91
91 91
91 91
91 91
91 91
91 91
91 91
91 91
91 91
91 91
91 92
91 92
91 92
91 92
91 92
95 95
95 95
95 95
95 95
95 95
95 95
95 95
95 95
95 95
95 95
95 95
95 95
95 95
95 95
95 95
95 95
95 95
95 95
95 95
96 95
96 95
96 95
96 96
96 96
96 96
98 96
98 96
98 96
98 96
98 96
98 96
107 95
107 95
107 95
107 95
107 95
107 95
108 94
121 127
119 130
119 130
119 130
119 130
120 131
120 131
120 131
120 131
118 130
118 130
118 130
117 130
116 130
116 130
115 131
114 131
114 131
114 131
114 131
114 131
114 131
114 131
113 131
113 131
113 131
113 131
113 131
113 131
112 131
112 131
111 131
111 131
111 131
111 133
111 133
111 133
111 133
109 131
109 131
109 131
109 131
106 128
106 128
106 128
106 128
96 120
96 120
96 120
96 120
96 120
96 120
96 120
96 120
96 120
96 120
95 119
90 115
90 115
90 115
90 115
90 115
90 115
90 115
90 115
90 115
89 114
89 114
85 110
85 110
85 110
85 110
85 110
85 110
85 110
85 110
82 108
82 108
82 108
82 108
82 108
82 108
81 107
81 107
80 106
80 106
80 106
79 104
79 104
79 104
77 103
77 103
77 103
77 103
76 102
76 102
76 102
74 100
74 100
74 100
74 100
74 100
72 98
72 98
72 98
72 98
72 98
72 98
72 98
69 95
69 95
69 95
69 95
69 95
69 95
69 95
69 95
68 94
68 94
68 94
68 94
68 94
68 94
66 92
66 92
66 92
66 92
66 92
66 92
66 92
65 90
65 90
65 90
65 90
65 90
65 90
64 90
63 88
63 88
63 88
63 88
63 88
63 88
63 88
63 88
63 83
63 83
63 83
63 83
63 83
63 83
63 83
63 83
63 83
63 83
63 83
64 79
64 79
64 79
64 79
64 79
64 79
64 79
65 76
65 76
65 76
65 76
65 76
65 73
65 73
65 73
65 73
65 73
68 63
124 113
124 113
124 113
123 114
121 117
121 117
121 117
121 117
120 120
120 120
120 120
119 120
118 120
117 120
117 121
115 121
115 121
115 121
115 121
115 121
115 122
115 122
113 121
113 121
113 121
113 121
113 121
113 121
113 121
113 121
110 119
110 119
110 119
107 118
107 118
107 118
107 118
105 117
105 117
105 117
105 117
103 117
103 117
103 117
103 117
96 114
96 114
96 114
96 114
96 114
96 114
96 114
96 114
96 114
96 114
95 114
90 109
90 109
90 109
90 109
90 109
90 109
90 109
90 109
90 109
88 108
88 108
85 105
85 105
85 105
85 105
85 105
85 105
85 105
85 105
81 103
81 103
81 103
81 103
81 103
81 103
81 103
81 102
80 101
80 101
80 101
79 100
79 100
79 100
77 98
77 98
77 98
77 98
76 97
76 97
76 97
74 96
74 96
74 96
74 96
74 96
71 94
71 94
71 94
71 94
71 94
71 94
71 94
69 92
69 92
69 92
69 92
69 92
69 92
69 92
69 92
68 90
68 90
68 90
68 90
68 90
68 90
66 88
66 88
66 88
66 88
66 88
66 88
66 88
65 87
65 87
65 87
65 87
65 87
65 87
65 87
65 85
65 85
65 85
65 85
65 85
65 85
65 85
65 85
65 81
65 81
65 81
65 81
65 81
65 81
65 81
65 81
65 81
65 81
65 81
67 78
67 78
67 78
67 78
67 78
67 78
67 78
67 74
67 74
67 74
67 74
67 74
68 71
68 71
68 71
68 71
69 71
70 63
118 132
119 133
119 133
119 133
119 133
117 132
117 132
117 132
117 132
116 132
116 132
115 132
114 132
114 132
114 132
114 132
114 132
114 132
114 132
112 132
112 132
112 132
112 132
112 132
112 132
112 132
112 132
112 133
112 133
112 133
113 134
113 134
113 134
113 134
111 133
111 133
111 133
111 133
109 130
109 130
109 130
109 130
98 121
98 121
98 121
98 121
98 121
98 121
98 121
98 121
98 121
98 121
97 120
92 116
92 116
92 116
92 116
92 116
92 116
92 116
92 116
92 116
91 115
91 115
87 111
87 111
87 111
87 111
87 111
87 111
87 111
87 111
83 109
83 109
83 109
83 109
83 109
83 109
83 109
82 108
81 107
81 107
81 107
80 105
80 105
80 105
78 104
78 104
78 104
78 104
78 103
78 103
77 103
76 101
76 101
76 101
76 101
76 101
73 99
73 99
73 99
73 99
73 99
73 99
73 99
70 96
70 96
70 96
70 96
70 96
70 96
70 96
70 96
69 95
69 95
69 95
69 95
69 95
69 95
67 93
67 93
67 93
67 93
67 93
67 93
67 93
66 91
66 91
66 91
66 91
66 91
66 91
65 91
65 89
65 89
65 89
65 89
65 89
65 89
65 89
65 89
64 85
64 85
64 85
64 85
64 85
64 85
64 85
64 85
64 85
64 85
64 85
66 80
66 80
66 80
66 80
66 80
66 80
66 80
66 77
66 77
66 77
66 77
66 77
67 75
67 75
67 75
67 75
67 74
71 64
136 159
137 158
137 158
137 158
137 158
138 158
138 158
138 158
138 158
138 157
138 157
138 157
138 157
138 157
138 157
138 157
138 157
138 157
138 157
138 156
138 156
138 156
138 156
138 156
138 156
138 156
138 156
136 155
136 155
136 155
134 153
134 153
134 153
134 153
132 152
132 152
132 152
132 152
132 151
132 151
132 151
132 151
129 148
129 148
129 148
129 148
129 148
129 148
129 148
129 148
129 148
129 148
129 148
125 143
103 144
103 144
103 144
103 144
104 142
104 142
104 142
105 142
105 141
105 141
105 141
104 140
104 140
104 140
104 140
104 140
104 140
104 140
103 140
103 140
103 140
103 140
103 140
102 140
102 140
102 140
99 140
99 140
99 140
97 138
97 138
97 138
97 138
96 136
96 136
96 136
96 136
95 133
95 133
95 133
95 133
90 125
90 125
90 125
90 125
90 125
90 125
90 125
90 125
90 125
90 125
90 125
85 120
85 120
85 120
85 120
85 120
85 120
85 120
85 120
85 120
84 119
84 119
81 114
81 114
81 114
81 114
81 114
81 114
81 114
81 114
79 112
79 112
79 112
79 112
79 112
79 112
79 112
79 112
77 111
77 111
77 111
76 109
76 109
76 109
74 107
74 107
74 107
74 107
73 107
73 107
73 106
72 104
72 104
72 104
72 104
72 104
70 102
70 102
70 102
70 102
70 102
70 102
70 102
66 100
66 100
66 100
66 100
66 100
66 100
66 100
66 100
65 98
65 98
65 98
65 98
65 98
65 98
63 96
63 96
63 96
63 96
63 96
63 96
63 96
62 94
62 94
62 94
62 94
62 94
62 94
62 94
60 92
60 92
60 92
60 92
60 92
60 92
60 92
60 92
61 87
61 87
61 87
61 87
61 87
61 87
61 87
61 87
61 87
61 87
61 87
62 83
62 83
62 83
62 83
62 83
62 83
62 83
61 80
61 80
61 80
61 80
61 80
61 79
118 137
118 137
118 137
117 137
117 137
117 138
116 137
115 136
115 136
115 136
115 136
115 136
115 136
115 136
114 136
114 136
114 136
114 136
114 136
113 136
114 137
114 137
114 136
114 136
114 136
117 137
117 137
117 137
117 137
115 135
115 135
115 135
115 135
115 133
115 133
115 133
115 133
106 125
106 125
106 125
106 125
106 125
106 125
106 125
106 125
106 125
106 125
105 125
101 120
101 120
101 120
101 120
101 120
101 120
101 120
101 120
101 120
100 119
100 119
96 116
96 116
96 116
96 116
96 116
96 116
96 116
96 116
92 113
92 113
92 113
92 113
92 113
92 113
92 113
91 112
90 111
90 111
90 111
89 110
89 110
89 110
87 108
87 108
87 108
87 108
86 107
86 107
86 107
85 105
85 105
85 105
85 105
85 105
84 104
84 104
84 104
84 104
84 104
84 104
84 104
82 103
82 103
82 103
82 103
82 103
82 103
82 103
82 103
78 100
78 100
78 100
78 100
78 100
78 100
78 99
78 99
78 99
78 99
78 99
78 99
78 99
77 97
77 97
77 97
77 97
77 97
77 97
76 97
75 94
75 94
75 94
75 94
75 94
75 94
75 94
75 94
76 90
76 90
76 90
76 90
76 90
76 90
76 90
76 90
76 90
76 90
76 90
75 83
75 83
75 83
75 83
75 83
75 83
75 83
77 82
77 82
77 82
77 82
77 82
79 80
79 80
79 80
79 80
79 79
81 71
81 71
81 71
81 71
81 71
81 71
81 71
81 71
81 71
81 71
81 71
81 71
81 71
81 71
81 71
81 71
81 71
81 71
81 71
81 71
81 71
81 71
81 71
81 71
81 71
81 71
81 71
81 71
81 71
81 71
81 71
81 71
81 71
81 71
81 71
81 71
81 71
81 71
81 71
81 71
81 71
81 71
81 71
81 71
81 71
81 71
81 71
81 71
81 71
81 71
81 71
81 71
81 71
81 71
81 71
81 71
81 71
81 71
81 71
81 71
81 71
81 71
81 71
81 71
81 71
81 71
81 71
81 71
81 71
81 71
81 71
81 71
81 71
81 71
81 71
81 71
81 71
81 71
81 71
81 71
81 71
81 71
81 71
81 71
81 71
81 71
81 71
81 71
81 71
81 71
81 71
81 71
81 71
81 71
81 71
81 71
81 71
81 71
81 71
81 71
81 71
81 71
81 71
81 71
81 71
81 71
81 71
81 71
81 71
81 71
81 71
81 71
81 71
81 71
81 71
81 71
81 71
81 78
81 78
81 78
81 78
81 78
81 78
81 78
81 78
81 78
81 78
81 78
81 78
81 78
81 78
81 78
81 78
81 78
81 78
81 78
81 78
81 78
81 78
81 78
81 78
81 78
81 78
81 78
81 78
81 78
81 78
81 78
81 78
81 78
81 78
82 84
82 84
82 84
82 84
82 84
82 84
82 84
82 84
82 84
82 84
82 84
82 84
82 84
82 84
82 87
82 87
82 87
82 87
82 87
84 94
84 94
84 94
84 94
84 94
84 94
84 94
84 94
84 94
84 94
84 94
84 94
84 94
84 94
84 94
84 94
84 94
84 94
84 94
84 95
84 95
84 95
85 97
100 144
100 143
100 143
100 143
100 143
100 143
100 143
100 143
100 143
99 143
98 143
98 143
98 143
98 143
98 143
98 143
97 143
97 143
95 143
95 143
95 143
93 141
93 141
93 141
93 141
93 139
93 139
93 139
93 139
92 136
92 136
92 136
92 136
87 129
87 129
87 129
87 129
87 129
87 129
87 129
87 129
87 129
87 129
87 129
82 124
82 124
82 124
82 124
82 124
82 124
82 124
82 124
82 124
81 123
81 123
79 118
79 118
79 118
79 118
79 118
79 118
79 118
79 118
78 116
78 116
78 116
78 116
78 116
78 116
78 115
77 115
76 114
76 114
76 114
75 113
75 113
75 113
73 112
73 112
73 112
73 112
73 111
73 111
73 111
72 108
72 108
72 108
72 108
72 108
70 106
70 106
70 106
70 106
70 106
70 106
70 106
67 104
67 104
67 104
67 104
67 104
67 104
67 104
67 104
66 103
66 103
66 103
66 103
66 103
66 103
65 101
65 101
65 101
65 101
65 101
65 101
65 101
64 100
64 100
64 100
64 100
64 100
64 100
63 100
62 98
62 98
62 98
62 98
62 98
62 98
62 98
62 98
62 92
62 92
62 92
62 92
62 92
62 92
62 92
62 92
62 92
62 92
62 92
63 88
63 88
63 88
63 88
63 88
63 88
63 88
64 86
104 138
103 138
103 138
103 138
103 138
103 138
103 138
103 137
102 138
102 138
102 138
102 138
102 138
101 138
101 138
101 138
98 137
98 137
98 137
96 135
96 135
96 135
96 135
96 134
96 134
96 134
96 134
94 131
94 131
94 131
94 131
90 123
90 123
90 123
90 123
90 123
90 123
90 123
90 123
90 123
90 123
89 123
84 118
84 118
84 118
84 118
84 118
84 118
84 118
84 118
84 118
83 117
83 117
81 113
81 113
81 113
81 113
81 113
81 113
81 113
81 113
78 110
78 110
78 110
78 110
78 110
78 110
78 110
78 110
76 109
76 109
76 109
75 107
75 107
75 107
73 106
73 106
73 106
73 106
73 105
73 105
73 105
71 103
71 103
71 103
71 103
71 103
69 101
69 101
69 101
69 101
69 101
69 101
69 101
65 98
65 98
65 98
65 98
65 98
65 98
65 98
65 98
64 97
64 97
64 97
64 97
64 97
64 97
62 94
62 94
62 94
62 94
62 94
62 94
62 94
62 93
62 93
62 93
62 93
62 93
62 93
61 93
60 91
60 91
60 91
60 91
60 91
60 91
60 91
60 91
60 86
60 86
60 86
60 86
60 86
60 86
60 86
60 86
60 86
60 86
60 86
61 82
61 82
61 82
61 82
61 82
61 82
61 82
61 80
61 80
61 80
61 80
61 80
60 79
143 137
143 137
143 137
143 137
143 137
143 137
143 137
143 136
143 136
143 136
143 136
143 136
143 136
143 137
143 137
141 137
141 137
141 137
135 134
135 134
135 134
135 134
131 132
131 132
131 132
131 132
128 129
128 129
128 129
128 129
124 127
124 127
124 127
124 127
124 127
124 127
124 127
124 127
124 127
124 127
124 127
119 124
119 124
119 124
119 124
119 124
119 124
119 124
119 124
119 124
118 123
118 123
115 120
115 120
115 120
115 120
115 120
115 120
115 120
115 120
111 117
111 117
111 117
111 117
111 117
111 117
111 117
111 117
111 116
111 116
111 116
109 116
109 116
109 116
105 113
105 113
105 113
105 113
105 112
105 112
104 112
103 111
103 111
103 111
103 111
103 111
100 107
100 107
100 107
100 107
100 107
100 107
100 107
97 106
97 106
97 106
97 106
97 106
97 106
97 106
97 106
96 105
96 105
96 105
96 105
96 105
96 105
94 104
127 159
127 158
127 158
127 158
127 158
127 158
127 157
127 157
127 157
126 158
126 158
126 158
126 157
126 157
126 157
126 157
126 157
126 157
126 157
126 157
125 155
125 155
125 155
125 155
120 147
120 147
120 147
120 147
120 147
120 147
120 147
120 147
120 147
120 147
120 147
114 140
114 140
114 140
114 140
114 140
114 140
114 140
114 140
114 140
114 140
114 140
110 137
110 137
110 137
110 137
110 137
110 137
110 137
110 137
108 133
108 133
108 133
108 133
108 133
108 133
108 132
108 132
107 131
107 131
107 131
104 128
104 128
104 128
101 128
101 128
101 128
101 128
101 128
101 128
101 128
98 126
98 126
98 126
98 126
98 126
94 122
94 122
94 122
94 122
94 122
94 122
94 122
92 118
92 118
92 118
92 118
92 118
92 118
92 118
92 118
93 118
93 118
93 118
93 118
93 118
93 118
90 117
131 132
131 132
131 132
131 132
131 132
130 132
129 132
129 132
128 132
128 132
128 132
126 131
126 131
126 131
126 131
123 129
123 129
123 129
123 129
121 127
121 127
121 127
121 127
118 125
118 125
118 125
118 125
118 125
118 125
118 125
118 125
118 125
118 125
117 124
114 122
114 122
114 122
114 122
114 122
114 122
114 122
114 122
114 122
113 121
113 121
110 118
110 118
110 118
110 118
110 118
110 118
110 118
110 118
106 116
106 116
106 116
106 116
106 116
106 116
106 116
106 115
105 115
105 115
105 115
104 114
104 114
104 114
101 111
101 111
101 111
101 111
99 110
99 110
99 109
98 108
98 108
98 108
98 108
98 108
96 106
96 106
96 106
96 106
96 106
96 106
96 106
92 104
92 104
92 104
92 104
92 104
92 104
92 104
92 104
91 102
91 102
91 102
91 102
91 102
91 102
89 101
89 101
89 101
89 101
89 101
89 101
89 101
88 100
88 100
88 100
88 100
88 100
88 100
87 100
86 96
86 96
86 96
86 96
86 96
86 96
86 96
86 96
88 90
88 90
88 90
88 90
88 90
88 90
88 90
88 90
88 90
88 90
88 90
90 85
90 85
90 85
90 85
90 85
90 85
90 85
90 84
90 84
90 84
90 84
90 84
90 82
90 82
90 82
90 82
90 81
90 81
90 81
90 81
90 81
90 81
90 81
90 81
90 81
90 81
90 81
90 81
90 81
90 81
90 81
90 81
90 81
90 81
90 81
90 81
90 81
90 81
90 81
90 81
90 81
90 81
90 81
90 81
90 81
90 81
90 81
90 81
90 81
90 81
90 81
90 81
90 81
90 81
90 81
90 81
90 81
90 81
90 81
90 81
90 81
90 81
90 81
90 81
90 81
90 81
90 81
90 81
90 81
90 81
90 81
90 81
90 81
90 81
90 81
90 81
90 81
90 81
90 81
90 81
90 81
90 81
90 81
90 81
90 81
90 81
90 81
90 81
90 81
90 81
90 81
90 81
90 81
90 81
90 81
90 81
90 81
90 81
90 81
90 81
90 81
90 81
90 81
90 81
90 81
90 81
90 81
90 81
90 81
90 81
90 81
90 81
90 81
90 81
90 81
90 81
90 81
90 81
90 81
90 81
90 81
90 81
90 81
90 81
90 81
90 81
90 81
90 81
90 81
90 81
90 81
90 81
90 81
90 81
89 87
89 87
89 87
89 87
89 87
89 87
89 87
89 87
89 87
89 87
89 87
89 87
89 87
89 87
89 87
89 87
89 87
89 87
89 87
89 87
89 87
89 87
89 87
89 87
89 87
89 87
89 87
89 87
89 87
89 87
89 87
89 87
89 87
89 87
91 91
91 91
91 91
91 91
91 91
91 91
91 91
91 91
91 91
91 91
91 91
91 91
91 91
91 91
91 92
91 92
91 92
91 92
91 92
95 95
95 95
95 95
95 95
95 95
95 95
95 95
95 95
95 95
95 95
95 95
95 95
95 95
95 95
95 95
95 95
95 95
95 95
95 95
96 95
96 95
96 95
96 96
96 96
96 96
98 96
98 96
98 96
98 96
98 96
98 96
107 95
107 95
107 95
107 95
107 95
107 95
107 95
129 123
128 122
128 122
127 121
127 121
127 121
125 119
125 119
125 119
125 119
123 118
123 118
123 118
123 118
121 117
121 117
121 117
121 117
116 114
116 114
116 114
116 114
116 114
116 114
116 114
116 114
116 114
116 114
114 114
112 113
112 113
112 113
112 113
112 113
112 113
112 113
112 113
112 113
111 112
111 112
108 109
108 109
108 109
108 109
108 109
108 109
108 109
108 109
103 106
103 106
103 106
103 106
103 106
103 106
102 106
101 105
99 104
99 104
99 104
99 103
99 103
99 103
98 102
98 102
98 102
98 102
97 101
97 101
97 101
96 100
96 100
96 100
96 100
96 100
93 97
93 97
93 97
93 97
93 97
93 97
93 97
90 96
90 96
90 96
90 96
90 96
90 96
90 96
90 96
88 95
88 95
88 95
88 95
88 95
88 95
87 93
87 93
87 93
87 93
87 93
87 93
87 93
86 90
86 90
86 90
86 90
86 90
86 90
85 89
85 87
85 87
85 87
85 87
85 87
85 87
85 87
85 87
86 81
86 81
86 81
86 81
86 81
86 81
86 81
86 81
86 81
86 81
86 81
88 77
88 77
88 77
88 77
88 77
88 77
88 77
88 76
88 76
88 76
88 76
88 76
87 75
87 75
87 75
87 75
88 75
86 73
86 73
86 73
86 73
86 73
86 73
86 73
86 73
86 73
86 73
86 73
86 73
86 73
86 73
86 73
86 73
86 73
86 73
86 73
86 73
86 73
86 73
86 73
85 72
85 72
85 72
85 72
85 72
85 72
85 72
85 72
85 72
85 72
85 72
85 72
85 72
85 72
85 72
85 72
85 72
85 72
85 72
85 72
85 72
85 72
85 72
85 72
85 72
85 72
85 72
85 72
85 72
85 72
85 72
85 72
85 72
85 72
85 72
85 72
85 72
85 72
85 72
85 72
85 72
85 72
85 72
85 72
85 72
85 72
85 72
85 72
85 72
85 72
85 73
85 73
85 73
85 73
85 73
85 73
85 73
85 73
85 73
85 73
85 73
85 73
85 73
85 73
85 73
85 73
85 73
85 73
85 73
85 73
85 73
85 73
85 73
85 73
85 73
85 73
85 73
85 73
85 73
85 73
85 73
85 73
85 73
85 73
85 73
85 73
85 73
85 73
85 73
85 73
85 73
85 73
85 73
85 73
87 76
87 76
87 76
87 76
87 76
87 76
87 76
87 76
87 76
87 76
87 76
87 76
87 76
87 76
87 76
87 76
87 76
87 76
87 76
87 76
87 76
87 76
87 76
87 76
87 76
87 76
87 76
87 76
87 76
87 76
87 76
87 76
87 76
87 76
89 82
89 82
89 82
89 82
89 82
89 82
89 82
89 82
89 82
89 82
89 82
89 82
89 82
89 82
89 82
89 82
89 82
89 82
89 82
94 86
94 86
94 86
94 86
94 86
94 86
94 86
94 86
94 86
94 86
94 86
94 86
94 86
94 86
94 86
94 86
94 86
94 86
94 86
95 86
95 86
95 86
95 86
95 86
95 86
98 86
98 86
98 86
98 86
98 86
98 86
102 85
102 85
102 85
102 85
102 85
102 85
103 85
106 85
113 147
113 147
113 147
113 147
113 147
113 147
113 147
111 145
111 145
111 145
111 145
110 142
110 142
110 142
110 142
103 133
103 133
103 133
103 133
103 133
103 133
103 133
103 133
103 133
103 133
103 132
98 127
98 127
98 127
98 127
98 127
98 127
98 127
98 127
98 127
97 126
97 126
94 121
94 121
94 121
94 121
94 121
94 121
94 121
94 121
90 118
90 118
90 118
90 118
90 118
90 118
90 118
89 117
88 116
88 116
88 116
87 115
87 115
87 115
85 113
85 113
85 113
85 113
84 113
84 113
84 112
83 110
83 110
83 110
83 110
83 110
81 108
81 108
81 108
81 108
81 108
81 108
81 108
79 106
79 106
79 106
79 106
79 106
79 106
79 106
79 106
77 104
77 104
77 104
77 104
77 104
77 104
76 103
76 103
76 103
76 103
76 103
76 103
76 103
75 102
75 102
75 102
75 102
75 102
75 102
74 102
73 99
73 99
73 99
73 99
73 99
73 99
73 99
73 99
72 95
72 95
72 95
72 95
72 95
72 95
72 95
72 95
72 95
72 95
72 95
73 90
73 90
73 90
73 90
73 90
73 90
73 90
74 87
74 87
74 87
74 87
74 87
76 84
101 136
101 136
101 136
101 136
101 134
101 134
101 134
101 134
100 131
100 131
100 131
100 131
94 122
94 122
94 122
94 122
94 122
94 122
94 122
94 122
94 122
94 122
94 122
88 117
88 117
88 117
88 117
88 117
88 117
88 117
88 117
88 117
87 116
87 116
83 112
83 112
83 112
83 112
83 112
83 112
83 112
83 112
81 109
81 109
81 109
81 109
81 109
81 109
80 109
80 109
79 108
79 108
79 108
77 106
77 106
77 106
76 104
76 104
76 104
76 104
75 104
75 104
75 103
73 101
73 101
73 101
73 101
73 101
70 99
70 99
70 99
70 99
70 99
70 99
70 99
67 97
67 97
67 97
67 97
67 97
67 97
67 97
67 97
66 95
66 95
66 95
66 95
66 95
66 95
64 93
64 93
64 93
64 93
64 93
64 93
64 93
63 92
63 92
63 92
63 92
63 92
63 92
63 91
62 89
62 89
62 89
62 89
62 89
62 89
62 89
62 89
61 85
61 85
61 85
61 85
61 85
61 85
61 85
61 85
61 85
61 85
61 85
62 81
62 81
62 81
62 81
62 81
62 81
62 81
62 78
62 78
62 78
62 78
62 78
62 76
62 76
62 76
62 76
63 76
67 66
101 114
101 114
101 114
101 114
99 114
99 114
99 114
99 114
97 114
97 114
97 114
97 114
91 110
91 110
91 110
91 110
91 110
91 110
91 110
91 110
91 110
91 110
90 110
85 105
85 105
85 105
85 105
85 105
85 105
85 105
85 105
85 105
84 104
84 104
81 103
81 103
81 103
81 103
81 103
81 103
81 103
81 103
77 101
77 101
77 101
77 101
77 101
77 101
77 101
77 100
76 99
76 99
76 99
75 97
75 97
75 97
73 96
73 96
73 96
73 96
72 95
72 95
72 95
70 94
70 94
70 94
70 94
70 94
68 92
68 92
68 92
68 92
68 92
68 92
68 92
66 90
66 90
66 90
66 90
66 90
66 90
66 90
66 90
65 89
65 89
65 89
65 89
65 89
65 89
63 88
63 88
63 88
63 88
63 88
63 88
63 88
62 86
62 86
62 86
62 86
62 86
62 86
62 86
61 85
61 85
61 85
61 85
61 85
61 85
61 85
61 85
62 80
62 80
62 80
62 80
62 80
62 80
62 80
62 80
62 80
62 80
62 80
63 76
63 76
63 76
63 76
63 76
63 76
63 76
63 73
63 73
63 73
63 73
63 73
64 70
64 70
64 70
64 70
64 70
67 62
101 124
97 120
97 120
97 120
97 120
97 120
97 120
97 120
97 120
97 120
96 119
96 119
92 115
92 115
92 115
92 115
92 115
92 115
92 115
92 115
87 112
87 112
87 112
87 112
87 112
87 112
87 112
87 112
85 111
85 111
85 111
84 109
84 109
84 109
83 107
83 107
83 107
83 107
82 107
82 107
82 106
80 104
80 104
80 104
80 104
80 104
78 102
78 102
78 102
78 102
78 102
78 102
78 102
75 100
75 100
75 100
75 100
75 100
75 100
75 100
75 100
73 98
73 98
73 98
73 98
73 98
73 98
71 96
71 96
71 96
71 96
71 96
71 96
71 96
70 94
70 94
70 94
70 94
70 94
70 94
70 94
70 91
70 91
70 91
70 91
70 91
70 91
70 91
70 91
70 87
70 87
70 87
70 87
70 87
70 87
70 87
70 87
70 87
70 87
70 87
71 82
71 82
71 82
71 82
71 82
71 82
71 82
73 79
73 79
73 79
73 79
73 79
74 78
74 78
74 78
74 78
75 77
77 69
96 125
95 123
95 123
95 123
94 122
94 122
94 122
93 121
93 121
93 121
93 121
92 121
92 121
92 120
91 119
91 119
91 119
91 119
91 119
88 115
88 115
88 115
88 115
88 115
88 115
88 115
85 113
85 113
85 113
85 113
85 113
85 113
85 113
85 113
84 112
84 112
84 112
84 112
84 112
84 112
83 110
83 110
83 110
83 110
83 110
83 110
83 110
82 109
82 109
82 109
82 109
82 109
82 109
82 109
81 108
98 121
98 121
98 121
98 121
97 120
97 120
97 120
95 118
95 118
95 118
95 118
95 118
92 115
92 115
92 115
92 115
92 115
92 115
92 115
89 113
89 113
89 113
89 113
89 113
89 113
89 113
89 113
88 111
88 111
88 111
88 111
88 111
88 111
85 110
85 110
85 110
85 110
85 110
85 110
85 110
85 108
85 108
85 108
85 108
85 108
85 108
84 108
92 117
92 117
92 117
92 117
92 117
92 117
92 117
88 115
88 115
88 115
88 115
88 115
88 115
88 115
88 115
87 114
87 114
87 114
87 114
87 114
87 114
85 112
85 112
85 112
85 112
85 112
85 112
85 112
84 110
69 91
69 91
69 92
69 93
69 93
69 93
71 94
71 94
71 94
71 94
71 94
71 94
72 96
72 96
72 96
72 96
72 96
72 96
72 97
74 99
