136 716
387 221
472 230
494 400
754 447
1089 604
1412 352
1754 105

151 176
152 175
152 175
153 174
154 175
155 173
155 173
155 172
155 172
156 172
156 172
155 173
158 172
158 171
158 171
157 171
157 171
159 170
158 169
159 169
158 169
159 168
159 168
159 167
160 167
159 167
160 167
159 168
158 168
158 169
158 168
158 167
157 168
158 168
157 168
157 168
157 168
156 167
157 166
156 166
155 167
156 166
155 166
156 166
156 165
155 166
155 167
156 166
156 166
156 166
156 166
156 165
154 167
155 167
155 165
155 164
156 164
155 165
154 165
156 163
154 165
155 164
154 165
154 165
155 165
154 164
153 166
153 165
152 166
152 165
152 165
151 166
150 166
150 166
150 165
150 165
150 166
150 164
150 164
149 164
149 166
148 166
148 166
148 166
147 167
147 166
148 165
147 166
147 167
146 168
146 167
146 166
147 164
146 165
145 166
146 164
145 164
145 164
145 163
145 164
145 163
144 164
145 164
144 165
144 164
143 164
143 164
142 164
142 164
142 164
142 163
141 163
141 163
141 163
141 162
141 161
141 161
141 162
141 162
141 163
141 163
142 161
141 161
142 161
142 160
142 160
142 159
142 159
143 158
144 156
143 156
143 155
143 155
143 156
143 156
143 155
143 156
144 155
143 157
144 156
143 156
143 155
143 155
144 154
144 154
144 153
144 153
144 153
144 152
145 152
144 152
145 151
145 152
145 151
145 152
145 151
145 151
145 151
146 150
146 150
146 150
146 150
146 150
148 147
147 148
147 147
147 147
148 147
147 146
147 146
147 146
148 146
148 146
148 145
147 147
148 147
148 147
148 146
148 146
148 146
148 144
148 144
148 144
148 143
148 143
148 143
148 143
148 143
148 143
148 143
148 143
147 143
148 142
147 142
148 141
148 142
147 142
148 141
148 141
148 139
148 139
148 138
148 138
148 138
148 137
148 138
148 137
148 137
148 138
147 138
147 139
147 139
146 139
146 138
146 138
146 137
145 137
146 137
145 136
145 135
144 136
144 135
144 135
145 134
145 134
144 135
144 136
144 136
144 136
144 137
144 136
143 137
143 137
143 137
144 134
144 132
144 132
144 131
144 132
144 131
144 131
144 130
144 130
143 131
143 131
144 130
144 131
143 131
143 131
143 130
142 131
142 131
142 130
142 131
142 129
141 129
141 129
142 127
142 127
142 127
142 126
142 127
142 128
141 129
142 129
142 127
142 127
142 126
142 126
143 126
142 126
143 125
143 124
143 124
143 123
143 123
143 122
143 122
144 122
143 123
143 123
143 123
143 123
142 123
143 124
143 123
142 122
142 122
142 122
142 122
142 121
141 121
142 121
142 121
141 120
141 120
141 120
141 120
141 120
141 120
141 120
141 119
141 119
141 120
141 121
142 119
142 119
142 119
142 118
142 118
142 118
142 117
142 117
142 116
142 116
142 116
142 116
142 115
142 115
142 115
143 114
143 114
143 114
142 114
142 114
142 114
141 114
141 114
140 114
140 114
140 114
140 113
139 114
140 114
139 116
139 116
138 115
138 113
139 113
138 113
137 113
137 112
136 114
136 112
136 114
135 116
135 114
135 114
134 113
134 114
134 113
134 113
134 113
133 113
133 113
132 114
132 114
132 115
131 115
130 116
129 116
128 117
127 117
126 117
125 118
124 118
123 118
123 120
123 119
121 120
121 119
120 119
119 120
119 120
119 119
118 117
118 118
118 119
117 119
117 118
116 119
116 119
116 120
116 119
116 119
116 119
116 119
115 119
115 119
115 119
115 119
115 119
115 119
115 119
115 119
115 119
114 119
114 119
114 119
114 119
114 119
114 119
114 119
114 119
114 119
113 119
113 120
113 120
113 120
113 120
113 120
113 120
113 120
112 120
112 120
112 120
112 120
112 120
112 120
112 120
111 120
111 121
110 120
111 120
111 121
110 122
110 122
110 122
109 123
109 122
109 122
108 123
108 123
108 123
107 124
107 124
107 124
107 123
105 123
106 123
105 123
105 123
105 123
105 122
105 123
104 123
103 124
103 124
103 125
103 124
103 124
104 123
103 124
102 124
103 124
103 124
103 124
103 124
103 124
102 125
103 125
102 126
102 124
102 126
102 125
102 126
103 125
102 124
102 125
102 126
102 124
103 125
103 126
102 125
102 125
103 125
103 124
103 125
104 124
103 125
103 125
103 124
103 125
103 124
102 125
103 125
102 125
103 125
103 126
103 125
103 124
103 126
103 126
103 124
104 124
103 124
104 124
104 124
103 124
104 125
104 124
104 124
104 125
104 125
104 124
104 125
104 125
103 125
103 125
104 124
103 125
103 125
103 125
103 124
103 124
103 124
103 124
103 125
103 125
103 124
103 125
103 124
102 125
102 124
101 124
100 125
100 125
100 125
100 125
100 125
99 126
99 126
98 126
98 126
97 127
97 127
96 127
96 127
95 128
95 128
94 128
94 127
94 127
93 129
93 129
93 132
92 130
93 130
93 130
92 131
92 131
91 130
91 129
90 131
91 130
89 131
88 131
89 132
88 132
88 132
88 132
88 132
88 132
88 132
88 132
88 132
88 132
87 132
87 132
87 132
87 132
87 132
87 132
87 132
87 132
87 132
86 132
86 132
86 132
86 132
86 132
86 132
86 133
86 133
86 133
85 133
85 133
85 133
85 133
85 133
85 133
85 133
85 133
85 133
84 133
84 133
84 133
84 133
84 133
84 133
84 133
84 133
84 133
83 133
83 133
83 133
83 133
83 133
83 133
83 133
83 133
83 133
82 133
82 133
82 133
82 133
82 133
82 133
82 133
82 133
82 133
81 133
81 133
81 133
81 133
81 133
81 133
81 133
81 133
81 133
80 133
80 133
80 133
80 133
80 133
80 133
80 133
80 133
80 133
79 133
79 133
79 133
79 133
79 133
79 133
79 133
79 133
79 134
79 134
79 137
80 136
80 135
80 135
81 134
81 134
82 134
82 133
82 133
83 133
83 132
84 132
84 132
84 131
85 131
85 131
86 130
86 130
86 129
87 129
87 129
88 128
88 128
88 128
89 127
90 128
91 127
91 127
92 125
92 124
93 124
93 123
94 124
94 123
96 122
97 122
98 121
98 122
99 122
100 122
100 122
101 121
102 121
102 121
103 120
103 119
104 120
104 120
105 120
106 119
107 119
108 119
109 118
110 116
111 116
113 116
112 116
114 115
115 116
115 115
116 114
116 113
115 114
116 114
116 114
116 115
116 115
203 12
201 13
201 13
202 14
202 14
202 15
202 15
203 14
204 12
203 13
203 14
202 14
201 15
202 15
203 14
201 16
201 15
201 15
201 15
202 16
201 16
202 15
201 16
201 18
202 17
201 18
202 17
201 16
202 17
201 18
201 19
201 19
200 20
201 18
201 19
200 20
200 19
201 19
202 20
201 18
202 18
201 19
202 20
200 21
200 22
201 21
199 24
200 23
199 24
200 22
200 23
200 22
200 22
202 21
201 23
201 24
201 24
200 24
201 24
200 25
200 25
200 25
200 27
199 28
199 28
200 26
199 29
199 27
199 28
200 26
200 26
199 27
199 27
199 28
199 28
198 29
198 31
198 32
197 30
197 33
197 31
197 31
197 31
196 32
196 33
197 31
197 31
196 32
197 34
196 32
196 35
196 35
196 34
195 36
195 36
195 37
196 35
196 35
196 34
196 35
196 35
195 35
195 36
194 37
194 37
193 40
193 39
192 40
193 40
192 40
193 40
191 43
191 44
191 43
191 42
191 41
192 40
191 42
191 42
191 43
190 46
192 44
190 47
190 47
191 47
192 46
191 48
191 48
191 48
191 48
192 47
192 46
191 48
191 48
191 50
191 48
192 50
191 50
191 51
192 50
191 52
192 52
191 53
192 52
192 51
191 52
193 49
193 50
193 50
193 50
193 51
194 52
193 53
193 54
193 55
194 54
193 55
194 53
194 54
194 54
195 53
195 53
194 54
206 46
195 55
193 56
193 59
206 48
193 59
193 58
204 50
204 50
193 58
205 49
205 49
206 48
194 57
206 49
206 49
206 50
205 51
205 52
204 53
204 54
203 54
204 53
204 53
203 54
203 54
203 54
203 54
203 54
205 53
204 54
203 56
203 57
202 58
201 59
201 59
200 59
200 59
200 59
200 60
199 61
198 62
199 61
199 61
198 62
201 61
198 63
198 64
197 65
197 66
196 66
197 66
196 66
196 66
196 66
195 66
195 67
194 67
223 18
224 19
224 18
224 16
224 18
224 18
223 19
225 12
225 12
227 7
226 9
226 11
226 11
226 12
226 12
226 12
227 13
226 14
228 11
227 14
227 16
226 17
226 20
228 15
230 13
230 13
230 14
230 15
230 15
230 16
230 16
230 16
230 17
230 17
230 17
230 17
230 18
230 18
230 18
230 19
230 19
230 19
230 19
229 20
229 20
229 20
229 20
229 21
229 21
229 21
229 21
229 22
229 22
229 21
229 21
229 23
231 20
230 21
229 23
228 24
229 23
228 25
228 26
226 30
225 31
225 30
226 29
225 30
226 29
226 28
226 28
226 28
226 29
226 27
226 28
226 29
225 30
226 31
224 33
223 35
223 35
224 34
224 34
225 34
223 37
223 36
223 36
223 35
223 35
224 36
224 36
224 36
223 37
222 39
222 40
222 39
221 41
220 43
220 43
220 42
220 42
220 41
220 41
220 40
221 40
220 43
220 43
220 43
219 43
219 44
219 45
219 46
219 46
219 46
219 46
219 46
219 45
219 45
218 47
218 47
217 48
217 49
216 49
216 50
216 51
215 52
215 52
214 53
214 53
214 54
213 54
213 54
213 52
214 52
214 53
213 53
213 54
213 55
213 55
212 56
213 57
211 58
211 58
212 58
212 58
212 57
211 59
211 60
211 59
212 57
212 58
212 57
211 59
211 60
211 61
209 63
210 63
209 65
209 65
208 65
209 65
207 67
208 67
208 66
208 66
208 67
208 67
207 67
206 69
207 68
206 70
206 71
206 72
205 72
206 71
206 71
205 73
206 71
206 71
205 72
204 73
204 73
203 74
203 75
202 76
202 76
201 77
201 78
200 79
200 80
199 81
199 79
199 80
199 80
198 81
199 80
198 81
197 81
197 82
197 82
196 83
196 83
195 85
194 85
194 85
193 87
193 87
193 88
192 89
192 87
192 87
191 87
191 88
191 87
190 89
189 90
189 90
188 92
187 93
187 94
186 95
185 95
184 96
184 97
183 98
183 98
182 98
182 97
182 97
182 98
191 50
190 50
190 50
189 50
189 50
190 51
190 51
190 51
190 51
190 51
190 51
190 51
190 52
190 52
190 52
190 52
190 52
190 52
190 52
190 53
190 53
190 53
190 53
190 53
190 53
190 53
190 54
190 54
190 54
191 54
191 54
191 54
191 54
191 55
191 55
191 55
191 55
191 55
191 55
191 55
191 56
191 56
191 56
191 56
191 56
191 56
191 56
191 56
191 57
191 57
191 57
191 57
191 57
191 57
192 57
192 58
192 58
192 58
192 58
192 58
192 58
192 58
192 59
192 59
192 59
192 59
192 59
192 59
192 59
192 59
192 60
192 60
192 60
193 60
192 61
191 62
191 63
191 63
191 63
191 63
190 63
190 63
191 62
191 61
191 62
190 63
190 64
189 66
189 67
189 68
188 68
188 69
187 69
187 70
187 70
186 70
186 71
185 71
185 72
185 72
184 72
184 73
184 73
184 74
183 74
183 75
183 75
182 76
182 77
181 78
182 77
181 76
181 77
180 77
180 78
180 78
180 78
179 81
178 81
178 81
177 83
177 83
177 84
176 86
175 86
175 85
176 85
175 85
175 86
175 86
174 87
174 87
174 88
174 88
173 89
173 89
173 89
172 90
172 90
172 91
171 91
171 92
171 92
171 92
170 93
170 93
170 94
169 94
169 95
169 95
169 95
168 96
168 96
168 97
167 97
167 97
167 98
167 98
166 99
166 99
166 99
165 100
165 100
165 101
164 103
164 103
165 103
164 103
164 103
164 103
164 103
163 103
164 104
163 104
163 103
163 103
161 105
162 105
161 106
160 107
160 108
160 108
159 108
159 108
159 108
159 108
158 109
158 109
158 110
172 101
169 104
165 107
162 109
159 112
156 115
162 111
168 107
169 106
168 108
168 107
168 107
167 108
167 108
166 109
166 109
165 109
165 110
165 110
165 110
165 111
164 111
163 112
164 112
164 113
163 113
164 112
164 113
163 114
163 115
163 115
161 116
161 116
161 116
161 116
162 116
162 116
162 117
162 117
161 118
162 118
160 120
160 120
159 120
159 121
158 121
156 122
157 121
156 123
155 124
155 124
155 125
155 124
155 125
154 126
156 125
155 126
155 125
154 127
154 127
154 127
154 128
153 128
153 130
152 130
154 129
153 130
153 130
153 130
153 130
153 130
153 131
153 132
152 131
151 133
151 133
150 134
150 136
150 136
149 136
149 137
148 137
148 138
147 138
148 137
148 138
148 137
148 138
148 138
149 138
148 139
148 139
149 140
148 141
147 142
147 143
147 142
149 140
148 141
148 142
147 143
147 143
147 143
146 145
147 144
145 146
145 146
145 146
144 148
144 148
145 147
145 148
144 148
143 149
143 149
142 150
143 150
144 150
144 150
143 151
142 152
142 153
142 153
143 153
142 154
142 154
141 155
142 154
142 154
142 154
142 154
142 154
142 155
143 155
141 157
141 157
141 158
140 159
140 159
139 160
139 160
138 161
139 160
139 160
139 160
139 160
138 161
138 161
138 162
139 162
139 162
138 163
138 164
138 164
139 164
138 165
139 165
139 165
140 164
140 163
140 163
140 164
139 165
139 166
138 167
139 167
127 177
138 169
138 169
126 177
127 178
127 178
126 178
126 178
126 178
126 178
126 178
126 179
126 180
126 180
126 181
125 181
125 182
125 182
126 182
125 183
126 182
125 182
125 182
125 183
125 183
125 184
125 184
125 185
125 185
124 186
124 186
125 186
124 186
124 187
124 187
124 185
124 187
124 187
124 187
124 187
124 188
124 192
123 192
124 190
122 192
219 146
221 144
223 143
222 144
222 144
222 144
223 143
222 144
225 142
226 141
225 141
226 140
226 140
226 139
225 139
225 139
226 138
226 137
226 138
227 138
227 138
225 138
225 138
225 138
224 138
224 138
224 138
225 137
225 136
225 136
225 135
225 135
226 135
224 136
225 135
225 135
224 136
224 137
224 136
225 135
225 135
225 134
224 135
225 134
226 132
227 130
226 131
227 130
227 130
227 129
226 130
226 131
226 131
225 131
224 131
224 132
224 130
222 132
223 131
222 131
223 129
223 129
223 128
223 128
224 126
224 126
223 127
222 128
223 127
222 127
222 127
221 128
222 126
222 126
222 126
222 126
224 122
224 121
224 121
225 120
225 119
224 120
223 121
223 121
222 122
224 120
223 120
223 120
223 119
222 120
222 120
222 119
223 117
223 117
223 117
222 118
222 117
222 117
222 117
222 117
221 118
222 118
221 118
222 117
223 116
223 115
224 113
225 111
226 110
226 109
226 110
226 109
225 111
224 112
224 112
224 111
223 112
223 111
223 111
223 110
223 111
223 109
224 108
224 107
225 105
225 105
225 105
225 105
224 106
224 106
224 106
224 105
224 105
224 105
224 105
224 104
225 103
225 102
226 100
226 100
228 98
228 97
227 98
226 99
227 99
226 99
226 100
226 99
226 99
227 97
226 98
226 98
226 97
227 96
226 95
227 94
227 93
227 94
226 94
227 94
226 95
226 95
226 95
227 94
227 94
227 93
227 93
227 92
228 91
228 89
229 88
230 86
230 87
230 86
229 88
229 88
228 88
228 89
228 89
228 88
228 88
228 87
228 86
228 86
229 84
229 83
228 84
229 82
230 81
229 82
228 83
229 84
228 84
228 84
228 84
228 84
229 83
230 82
230 81
231 79
231 78
232 77
232 76
232 76
232 76
232 76
232 77
231 77
230 79
230 78
230 78
230 77
231 76
231 76
231 75
231 75
231 75
231 74
231 74
231 74
231 73
231 73
231 73
232 72
232 72
232 72
232 71
232 71
232 71
232 70
232 70
232 70
232 69
232 69
232 69
232 68
232 68
232 68
232 67
233 67
233 67
233 66
233 66
233 66
233 65
233 65
233 64
233 64
233 64
233 63
233 63
233 63
233 62
233 62
233 62
234 61
234 61
234 60
234 60
234 60
234 59
234 59
234 59
234 58
234 58
234 58
234 57
234 57
234 56
235 56
235 56
235 55
235 55
235 54
235 54
235 54
235 53
235 53
235 53
235 52
235 52
235 51
235 51
235 51
236 50
235 52
235 50
237 47
237 47
236 48
237 46
238 43
239 41
238 41
238 42
238 40
236 44
237 43
236 44
236 44
236 43
235 45
234 44
234 42
235 43
233 43
234 41
234 40
235 40
234 40
233 42
233 41
233 40
233 42
233 41
233 40
232 41
232 42
232 42
232 42
232 40
234 37
235 35
233 36
234 35
235 33
234 33
233 35
233 36
233 36
233 37
232 37
232 38
232 37
233 36
233 35
233 34
234 33
234 32
234 31
235 30
235 29
235 29
234 30
234 31
234 30
234 31
234 30
233 31
234 31
234 30
234 30
235 28
237 26
237 25
238 23
237 23
236 25
237 23
238 22
237 23
236 25
236 25
235 25
236 24
236 23
236 22
237 21
237 20
237 19
237 19
237 18
238 17
237 18
237 19
237 19
236 20
235 21
236 22
236 19
236 19
236 18
236 19
238 16
238 15
238 15
240 11
239 13
238 16
237 17
237 18
237 16
237 18
239 14
238 15
239 12
238 15
237 16
238 16
239 12
238 12
239 10
238 12
238 13
238 13
238 13
238 13
237 11
238 10
237 14
239 12
239 9
239 11
240 9
239 10
242 3
245 -1
239 14
240 11
241 9
242 6
243 4
242 6
242 6
242 6
242 7
242 7
241 7
241 7
241 7
242 5
243 4
245 2
244 3
244 3
243 4
243 5
244 0
242 5
242 4
243 2
243 3
242 5
242 3
242 3
242 3
244 0
112 115
112 114
111 116
112 115
111 116
111 116
111 116
111 115
110 116
110 116
110 116
111 115
110 117
110 116
110 117
110 116
110 116
110 116
110 116
110 116
110 116
110 115
110 116
110 116
110 117
110 117
110 116
110 116
109 118
110 116
109 117
109 116
109 116
109 116
109 117
109 116
109 116
109 116
109 117
109 117
109 118
110 117
109 117
109 117
109 117
109 117
110 117
110 118
110 118
110 118
110 118
110 118
110 118
110 117
110 117
110 117
110 116
110 117
110 117
110 117
110 117
110 117
110 117
110 117
110 117
111 116
111 116
110 117
110 116
110 116
110 116
110 117
110 117
111 117
111 116
110 117
110 116
111 117
111 116
111 117
110 116
110 117
110 116
111 116
111 115
111 116
111 116
111 116
111 116
110 116
111 115
111 116
111 115
111 116
111 116
111 116
111 116
111 116
111 115
111 116
111 116
111 117
111 115
111 116
111 116
111 115
111 116
110 115
110 115
111 115
111 115
111 114
112 114
111 115
112 115
112 115
112 114
113 114
113 114
113 113
114 113
113 113
114 112
114 112
114 113
115 112
115 112
115 112
116 111
116 111
116 111
116 111
117 111
117 111
117 111
117 111
117 111
117 111
117 112
117 112
116 112
116 112
116 112
116 112
115 113
115 113
115 113
115 113
115 113
114 113
114 113
114 114
114 114
114 114
113 114
113 114
113 114
113 115
112 115
112 115
112 115
112 115
112 115
111 116
111 116
111 116
111 116
111 116
110 116
110 116
110 117
110 116
109 118
109 118
109 118
108 118
107 119
107 119
106 118
106 119
106 120
104 120
105 121
104 119
103 120
103 122
103 121
103 120
103 121
102 124
102 122
102 121
102 121
102 123
101 123
101 123
101 123
101 123
101 123
101 123
101 123
101 123
101 123
101 123
101 123
101 122
101 122
101 122
101 122
101 122
101 122
101 122
101 122
101 121
101 121
102 121
102 121
102 120
102 120
102 120
101 120
101 120
102 119
102 119
101 120
101 121
102 120
101 120
101 120
101 120
102 120
101 121
101 121
101 121
101 122
102 121
102 121
102 121
102 121
102 121
102 121
102 121
102 121
102 122
102 121
102 121
102 120
102 121
102 121
102 120
102 121
102 120
102 120
102 121
102 121
102 121
102 120
103 121
102 121
102 120
102 122
102 121
103 120
102 119
102 119
102 119
103 120
103 120
103 120
103 120
103 119
103 119
103 119
104 118
103 118
104 117
104 117
104 117
104 117
104 117
105 118
105 118
105 118
106 119
106 118
107 118
106 119
107 119
107 120
107 119
108 120
109 120
109 119
109 118
109 120
110 119
111 119
111 119
111 120
112 119
113 120
114 120
114 121
114 121
115 119
115 118
116 118
116 119
117 119
118 120
119 119
119 118
120 119
121 119
122 119
123 119
124 119
125 120
126 120
127 121
127 120
128 121
128 121
128 120
130 118
130 119
131 118
131 118
132 118
132 117
134 117
134 118
135 116
135 118
135 118
136 118
136 119
136 120
137 120
137 122
137 122
139 118
139 119
140 119
141 119
141 118
141 119
142 119
143 119
143 119
144 119
144 119
145 119
145 119
145 120
145 120
146 119
146 120
146 121
147 120
147 120
147 119
148 118
148 119
148 121
149 121
148 123
148 123
149 123
149 124
148 126
149 125
150 123
149 123
150 122
151 121
151 121
150 123
151 123
151 123
151 124
151 124
151 125
152 124
151 125
152 126
152 125
152 124
152 124
153 125
153 124
152 125
153 125
152 126
153 125
153 123
152 126
152 126
152 127
152 127
152 128
152 128
152 129
152 130
151 130
151 130
151 131
151 132
151 132
151 131
151 132
151 131
151 132
151 133
150 134
150 136
150 136
149 137
149 137
149 138
149 138
149 137
149 136
149 136
149 136
149 138
149 137
148 137
148 137
149 137
148 137
147 138
147 139
147 140
146 141
146 141
145 142
146 143
145 144
145 144
144 144
144 145
143 145
143 146
143 146
143 145
143 146
142 149
141 149
141 150
140 150
140 152
139 151
139 151
138 153
138 154
137 155
137 154
137 156
137 155
137 152
137 152
136 151
136 152
136 152
136 152
136 153
135 154
135 154
135 155
135 155
134 156
134 156
133 158
133 158
132 158
132 158
132 158
131 159
131 160
131 159
131 159
131 160
131 160
131 161
131 161
131 162
131 162
131 162
131 163
131 162
131 161
131 162
131 162
131 163
131 163
131 164
131 163
131 164
130 165
131 166
131 166
130 168
131 167
131 168
131 168
131 168
131 169
131 169
131 169
131 169
131 168
131 169
132 169
132 168
132 169
132 168
133 168
133 169
133 169
132 171
133 170
133 171
134 171
133 171
133 171
134 171
134 172
134 172
134 173
134 172
134 172
135 171
135 171
134 174
135 173
135 173
135 174
136 173
136 174
136 174
136 174
136 175
137 174
136 175
136 174
136 174
137 174
137 174
137 174
138 174
137 174
137 175
137 175
137 175
137 175
139 174
139 174
139 174
140 172
139 174
140 173
141 172
141 172
140 173
140 173
140 174
140 174
139 176
141 173
140 173
141 173
140 175
140 176
140 175
140 175
140 175
139 176
139 177
139 176
138 176
139 176
139 176
139 176
138 176
139 176
138 176
138 176
138 177
138 177
137 179
138 179
138 179
138 179
142 178
141 178
140 178
140 178
140 178
139 179
139 179
139 179
138 179
139 180
205 152
205 153
206 152
205 151
205 152
206 152
204 152
206 151
206 152
205 152
204 151
205 152
205 151
204 150
204 151
204 151
205 150
204 150
204 150
205 150
205 149
204 149
205 149
204 149
205 149
205 148
205 148
205 148
206 147
206 147
206 147
207 145
207 146
207 145
207 145
207 145
207 145
207 145
206 145
206 145
206 146
206 146
206 145
205 145
206 145
206 144
206 144
206 143
206 143
206 143
206 142
207 142
207 142
207 142
206 142
206 143
207 141
208 140
207 141
208 140
210 137
209 138
210 138
209 138
209 137
210 137
210 137
210 137
209 137
209 137
209 138
210 137
209 138
210 135
209 136
208 137
210 135
209 136
209 136
209 135
209 135
212 131
209 135
210 134
212 131
211 132
210 134
210 134
211 133
211 132
210 133
213 129
213 128
214 127
215 125
213 129
214 126
213 128
215 125
215 125
215 125
212 130
213 128
214 126
215 125
214 125
215 124
215 124
215 123
215 123
215 123
216 122
216 122
217 120
217 121
218 120
217 120
217 121
218 119
217 121
218 119
217 120
219 118
219 116
219 117
220 115
220 115
220 116
220 115
220 115
220 115
219 116
219 116
220 115
220 114
219 115
219 115
219 114
220 113
219 113
220 112
219 113
220 112
219 112
220 112
220 112
221 110
219 112
219 111
220 112
220 111
219 111
220 111
220 110
221 110
221 109
221 108
222 106
222 106
223 105
222 105
222 106
222 106
221 106
221 107
222 106
221 106
221 106
222 105
221 106
221 104
221 105
222 103
222 103
222 102
222 102
223 101
223 100
223 101
223 101
222 102
223 100
223 99
224 100
225 98
224 99
224 98
225 97
225 96
225 96
226 95
226 94
225 96
226 94
225 96
225 95
225 95
225 95
225 95
226 93
225 95
225 94
225 94
225 92
226 92
225 93
226 92
226 92
225 92
225 92
225 92
226 91
226 91
226 91
227 90
227 89
227 89
227 88
228 88
229 88
229 86
229 86
229 86
229 86
229 86
230 85
229 85
229 86
229 85
229 86
228 86
229 85
229 84
229 83
230 83
229 83
230 82
229 82
230 82
230 83
230 82
231 82
231 81
230 82
231 81
231 80
232 79
232 79
232 79
233 77
233 76
234 75
234 75
235 74
234 75
233 76
233 76
234 76
233 77
233 77
234 75
234 74
234 75
234 74
235 72
234 73
234 73
235 72
235 72
235 72
235 72
235 72
236 71
236 70
236 71
236 71
235 72
236 70
236 70
238 68
239 67
239 66
240 65
239 66
240 64
241 63
239 65
240 63
240 64
239 65
239 65
240 65
241 64
242 63
241 63
241 62
241 62
243 61
243 61
245 59
245 58
244 59
245 59
246 58
246 59
247 58
247 58
248 57
249 55
249 56
250 54
251 53
251 53
252 52
254 50
255 47
255 48
255 47
255 48
256 47
256 46
257 46
257 46
258 46
259 44
260 43
261 42
261 41
261 42
263 41
263 41
264 40
264 40
263 41
263 40
264 39
263 41
265 38
265 38
266 38
267 35
268 35
269 33
269 33
270 31
269 32
270 31
271 30
271 30
271 30
270 31
271 31
186 37
186 35
186 35
186 31
187 34
188 33
188 32
188 32
188 32
188 33
188 33
188 33
188 34
188 34
188 34
188 35
188 35
188 35
188 36
188 36
188 36
188 37
188 37
188 37
188 38
188 38
188 38
188 38
188 39
188 39
188 39
188 40
188 40
188 40
188 41
189 38
189 38
188 38
188 39
188 39
188 39
188 40
189 40
189 40
188 41
188 40
187 39
187 39
187 38
188 38
188 38
188 37
188 37
188 37
188 37
189 36
189 36
189 36
189 36
189 35
189 35
190 35
190 35
190 34
190 34
190 34
191 34
191 33
191 33
191 33
191 33
191 32
191 32
189 38
189 37
189 36
191 33
190 35
190 35
190 35
188 40
188 39
188 39
188 39
188 39
188 39
188 38
188 38
188 38
188 38
188 37
189 36
189 35
190 35
187 39
186 43
186 43
187 42
187 42
187 42
187 42
188 42
188 42
187 44
187 44
